<?xml version="1.0" encoding="UTF-8"?>
<!-- Generated by org.testng.reporters.JUnitXMLReporter -->
<testsuite ignored="1" hostname="VURAM-2022-0136" failures="0" tests="2" name="test" time="10.067" errors="0" timestamp="2023-01-19T23:58:54 IST">
  <testcase classname="com.testinmyown.AnnotationsTest" name="testmetod2" time="0.014"/>
  <testcase classname="com.testinmyown.SoftHardAssertions" name="TestGoogle" time="9.991"/>
  <testcase classname="com.testinmyown.AnnotationsTest" name="testmetod1" time="0.0">
    <ignored/>
  </testcase> <!-- testmetod1 -->
</testsuite> <!-- test -->
