<?xml version="1.0" encoding="UTF-8"?>
<!-- Generated by org.testng.reporters.JUnitXMLReporter -->
<testsuite ignored="2" hostname="VURAM-2022-0136" failures="0" tests="3" name="OrangeHRMLogin" time="13.276" errors="0" timestamp="2023-01-18T18:40:09 IST">
  <testcase classname="com.testinmyown.orangeHRM" name="Launchapp" time="7.393"/>
  <testcase classname="com.testinmyown.orangeHRM" name="LoginDetails" time="1.228"/>
  <testcase classname="com.testinmyown.orangeHRM" name="Myinfo" time="4.586"/>
  <testcase classname="com.testinmyown.orangeHRM" name="Employedetails" time="0.0">
    <ignored/>
  </testcase> <!-- Employedetails -->
  <testcase classname="com.testinmyown.orangeHRM" name="Verifyname" time="0.0">
    <ignored/>
  </testcase> <!-- Verifyname -->
</testsuite> <!-- OrangeHRMLogin -->
