<?xml version="1.0" encoding="UTF-8"?>
<!-- Generated by org.testng.reporters.JUnitXMLReporter -->
<testsuite ignored="0" hostname="VURAM-2022-0136" failures="1" tests="1" name="Default test" time="2.477" errors="0" timestamp="2023-01-27T15:15:12 IST">
  <testcase classname="com.testinmyown.WebElements" name="RelativeLocators" time="2.426">
    <failure type="org.openqa.selenium.NoSuchElementException" message="no such element: No element has been found by {&amp;quot;css selector&amp;quot;:&amp;quot;#pass&amp;quot;}
  (Session info: chrome=109.0.5414.75)
For documentation on this error, please visit: https://selenium.dev/exceptions/#no_such_element
Build info: version: &amp;apos;4.7.2&amp;apos;, revision: &amp;apos;4d4020c3b7&amp;apos;
System info: os.name: &amp;apos;Windows 11&amp;apos;, os.arch: &amp;apos;amd64&amp;apos;, os.version: &amp;apos;10.0&amp;apos;, java.version: &amp;apos;17.0.5&amp;apos;
Driver info: org.openqa.selenium.chrome.ChromeDriver
Command: [427c2d781cfc3a5ae8c321958082c654, executeScript {script=return (function(){return (function(){var aa=this||self;function ba(a){return&amp;quot;string&amp;quot;==typeof a}function ca(a,b){a=a.split(&amp;quot;.&amp;quot;);var c=aa;a[0]in c||&amp;quot;undefined&amp;quot;==typeof c.execScript||c.execScript(&amp;quot;var &amp;quot;+a[0]);for(var d;a.length&amp;amp;&amp;amp;(d=a.shift());)a.length||void 0===b?c[d]&amp;amp;&amp;amp;c[d]!==Object.prototype[d]?c=c[d]:c=c[d]={}:c[d]=b}
function da(a){var b=typeof a;if(&amp;quot;object&amp;quot;==b)if(a){if(a instanceof Array)return&amp;quot;array&amp;quot;;if(a instanceof Object)return b;var c=Object.prototype.toString.call(a);if(&amp;quot;[object Window]&amp;quot;==c)return&amp;quot;object&amp;quot;;if(&amp;quot;[object Array]&amp;quot;==c||&amp;quot;number&amp;quot;==typeof a.length&amp;amp;&amp;amp;&amp;quot;undefined&amp;quot;!=typeof a.splice&amp;amp;&amp;amp;&amp;quot;undefined&amp;quot;!=typeof a.propertyIsEnumerable&amp;amp;&amp;amp;!a.propertyIsEnumerable(&amp;quot;splice&amp;quot;))return&amp;quot;array&amp;quot;;if(&amp;quot;[object Function]&amp;quot;==c||&amp;quot;undefined&amp;quot;!=typeof a.call&amp;amp;&amp;amp;&amp;quot;undefined&amp;quot;!=typeof a.propertyIsEnumerable&amp;amp;&amp;amp;!a.propertyIsEnumerable(&amp;quot;call&amp;quot;))return&amp;quot;function&amp;quot;}else return&amp;quot;null&amp;quot;;
else if(&amp;quot;function&amp;quot;==b&amp;amp;&amp;amp;&amp;quot;undefined&amp;quot;==typeof a.call)return&amp;quot;object&amp;quot;;return b}function ea(a){return&amp;quot;function&amp;quot;==da(a)}function ha(a){var b=typeof a;return&amp;quot;object&amp;quot;==b&amp;amp;&amp;amp;null!=a||&amp;quot;function&amp;quot;==b}function ia(a,b,c){return a.call.apply(a.bind,arguments)}
function ja(a,b,c){if(!a)throw Error();if(2&amp;lt;arguments.length){var d=Array.prototype.slice.call(arguments,2);return function(){var e=Array.prototype.slice.call(arguments);Array.prototype.unshift.apply(e,d);return a.apply(b,e)}}return function(){return a.apply(b,arguments)}}function ka(a,b,c){Function.prototype.bind&amp;amp;&amp;amp;-1!=Function.prototype.bind.toString().indexOf(&amp;quot;native code&amp;quot;)?ka=ia:ka=ja;return ka.apply(null,arguments)}
function la(a,b){var c=Array.prototype.slice.call(arguments,1);return function(){var d=c.slice();d.push.apply(d,arguments);return a.apply(this,d)}}function k(a,b){function c(){}c.prototype=b.prototype;a.prototype=new c;a.prototype.constructor=a};/*

 The MIT License

 Copyright (c) 2007 Cybozu Labs, Inc.
 Copyright (c) 2012 Google Inc.

 Permission is hereby granted, free of charge, to any person obtaining a copy
 of this software and associated documentation files (the &amp;quot;Software&amp;quot;), to
 deal in the Software without restriction, including without limitation the
 rights to use, copy, modify, merge, publish, distribute, sublicense, and/or
 sell copies of the Software, and to permit persons to whom the Software is
 furnished to do so, subject to the following conditions:

 The above copyright notice and this permission notice shall be included in
 all copies or substantial portions of the Software.

 THE SOFTWARE IS PROVIDED &amp;quot;AS IS&amp;quot;, WITHOUT WARRANTY OF ANY KIND, EXPRESS OR
 IMPLIED, INCLUDING BUT NOT LIMITED TO THE WARRANTIES OF MERCHANTABILITY,
 FITNESS FOR A PARTICULAR PURPOSE AND NONINFRINGEMENT. IN NO EVENT SHALL THE
 AUTHORS OR COPYRIGHT HOLDERS BE LIABLE FOR ANY CLAIM, DAMAGES OR OTHER
 LIABILITY, WHETHER IN AN ACTION OF CONTRACT, TORT OR OTHERWISE, ARISING
 FROM, OUT OF OR IN CONNECTION WITH THE SOFTWARE OR THE USE OR OTHER DEALINGS
 IN THE SOFTWARE.
*/
function ma(a,b,c){this.a=a;this.b=b||1;this.f=c||1};var na;var oa=Array.prototype.indexOf?function(a,b){return Array.prototype.indexOf.call(a,b,void 0)}:function(a,b){if(&amp;quot;string&amp;quot;===typeof a)return&amp;quot;string&amp;quot;!==typeof b||1!=b.length?-1:a.indexOf(b,0);for(var c=0;c&amp;lt;a.length;c++)if(c in a&amp;amp;&amp;amp;a[c]===b)return c;return-1},l=Array.prototype.forEach?function(a,b,c){Array.prototype.forEach.call(a,b,c)}:function(a,b,c){for(var d=a.length,e=&amp;quot;string&amp;quot;===typeof a?a.split(&amp;quot;&amp;quot;):a,f=0;f&amp;lt;d;f++)f in e&amp;amp;&amp;amp;b.call(c,e[f],f,a)},pa=Array.prototype.filter?function(a,b){return Array.prototype.filter.call(a,
b,void 0)}:function(a,b){for(var c=a.length,d=[],e=0,f=&amp;quot;string&amp;quot;===typeof a?a.split(&amp;quot;&amp;quot;):a,g=0;g&amp;lt;c;g++)if(g in f){var h=f[g];b.call(void 0,h,g,a)&amp;amp;&amp;amp;(d[e++]=h)}return d},qa=Array.prototype.map?function(a,b){return Array.prototype.map.call(a,b,void 0)}:function(a,b){for(var c=a.length,d=Array(c),e=&amp;quot;string&amp;quot;===typeof a?a.split(&amp;quot;&amp;quot;):a,f=0;f&amp;lt;c;f++)f in e&amp;amp;&amp;amp;(d[f]=b.call(void 0,e[f],f,a));return d},ra=Array.prototype.reduce?function(a,b,c){return Array.prototype.reduce.call(a,b,c)}:function(a,b,c){var d=c;l(a,
function(e,f){d=b.call(void 0,d,e,f,a)});return d},sa=Array.prototype.some?function(a,b){return Array.prototype.some.call(a,b,void 0)}:function(a,b){for(var c=a.length,d=&amp;quot;string&amp;quot;===typeof a?a.split(&amp;quot;&amp;quot;):a,e=0;e&amp;lt;c;e++)if(e in d&amp;amp;&amp;amp;b.call(void 0,d[e],e,a))return!0;return!1},ta=Array.prototype.every?function(a,b,c){return Array.prototype.every.call(a,b,c)}:function(a,b,c){for(var d=a.length,e=&amp;quot;string&amp;quot;===typeof a?a.split(&amp;quot;&amp;quot;):a,f=0;f&amp;lt;d;f++)if(f in e&amp;amp;&amp;amp;!b.call(c,e[f],f,a))return!1;return!0};
function ua(a,b){a:{for(var c=a.length,d=&amp;quot;string&amp;quot;===typeof a?a.split(&amp;quot;&amp;quot;):a,e=0;e&amp;lt;c;e++)if(e in d&amp;amp;&amp;amp;b.call(void 0,d[e],e,a)){b=e;break a}b=-1}return 0&amp;gt;b?null:&amp;quot;string&amp;quot;===typeof a?a.charAt(b):a[b]}function va(a){return Array.prototype.concat.apply([],arguments)}function wa(a,b,c){return 2&amp;gt;=arguments.length?Array.prototype.slice.call(a,b):Array.prototype.slice.call(a,b,c)}function xa(a,b){a.sort(b||ya)}function ya(a,b){return a&amp;gt;b?1:a&amp;lt;b?-1:0};function za(a){var b=a.length-1;return 0&amp;lt;=b&amp;amp;&amp;amp;a.indexOf(&amp;quot; &amp;quot;,b)==b}var Aa=String.prototype.trim?function(a){return a.trim()}:function(a){return/^[\s\xa0]*([\s\S]*?)[\s\xa0]*$/.exec(a)[1]};
function Ba(a,b){var c=0;a=Aa(String(a)).split(&amp;quot;.&amp;quot;);b=Aa(String(b)).split(&amp;quot;.&amp;quot;);for(var d=Math.max(a.length,b.length),e=0;0==c&amp;amp;&amp;amp;e&amp;lt;d;e++){var f=a[e]||&amp;quot;&amp;quot;,g=b[e]||&amp;quot;&amp;quot;;do{f=/(\d*)(\D*)(.*)/.exec(f)||[&amp;quot;&amp;quot;,&amp;quot;&amp;quot;,&amp;quot;&amp;quot;,&amp;quot;&amp;quot;];g=/(\d*)(\D*)(.*)/.exec(g)||[&amp;quot;&amp;quot;,&amp;quot;&amp;quot;,&amp;quot;&amp;quot;,&amp;quot;&amp;quot;];if(0==f[0].length&amp;amp;&amp;amp;0==g[0].length)break;c=Ca(0==f[1].length?0:parseInt(f[1],10),0==g[1].length?0:parseInt(g[1],10))||Ca(0==f[2].length,0==g[2].length)||Ca(f[2],g[2]);f=f[3];g=g[3]}while(0==c)}return c}function Ca(a,b){return a&amp;lt;b?-1:a&amp;gt;b?1:0};var q;a:{var Da=aa.navigator;if(Da){var Ea=Da.userAgent;if(Ea){q=Ea;break a}}q=&amp;quot;&amp;quot;}function r(a){return-1!=q.indexOf(a)};function Fa(){return r(&amp;quot;Firefox&amp;quot;)||r(&amp;quot;FxiOS&amp;quot;)}function Ga(){return(r(&amp;quot;Chrome&amp;quot;)||r(&amp;quot;CriOS&amp;quot;))&amp;amp;&amp;amp;!r(&amp;quot;Edge&amp;quot;)};function Ha(a){return String(a).replace(/\-([a-z])/g,function(b,c){return c.toUpperCase()})};function Ia(){return r(&amp;quot;iPhone&amp;quot;)&amp;amp;&amp;amp;!r(&amp;quot;iPod&amp;quot;)&amp;amp;&amp;amp;!r(&amp;quot;iPad&amp;quot;)};function Ja(a,b){var c=Ka;return Object.prototype.hasOwnProperty.call(c,a)?c[a]:c[a]=b(a)};var La=r(&amp;quot;Opera&amp;quot;),t=r(&amp;quot;Trident&amp;quot;)||r(&amp;quot;MSIE&amp;quot;),Ma=r(&amp;quot;Edge&amp;quot;),Na=r(&amp;quot;Gecko&amp;quot;)&amp;amp;&amp;amp;!(-1!=q.toLowerCase().indexOf(&amp;quot;webkit&amp;quot;)&amp;amp;&amp;amp;!r(&amp;quot;Edge&amp;quot;))&amp;amp;&amp;amp;!(r(&amp;quot;Trident&amp;quot;)||r(&amp;quot;MSIE&amp;quot;))&amp;amp;&amp;amp;!r(&amp;quot;Edge&amp;quot;),Oa=-1!=q.toLowerCase().indexOf(&amp;quot;webkit&amp;quot;)&amp;amp;&amp;amp;!r(&amp;quot;Edge&amp;quot;);function Pa(){var a=aa.document;return a?a.documentMode:void 0}var Qa;
a:{var Ra=&amp;quot;&amp;quot;,Sa=function(){var a=q;if(Na)return/rv:([^\);]+)(\)|;)/.exec(a);if(Ma)return/Edge\/([\d\.]+)/.exec(a);if(t)return/\b(?:MSIE|rv)[: ]([^\);]+)(\)|;)/.exec(a);if(Oa)return/WebKit\/(\S+)/.exec(a);if(La)return/(?:Version)[ \/]?(\S+)/.exec(a)}();Sa&amp;amp;&amp;amp;(Ra=Sa?Sa[1]:&amp;quot;&amp;quot;);if(t){var Ta=Pa();if(null!=Ta&amp;amp;&amp;amp;Ta&amp;gt;parseFloat(Ra)){Qa=String(Ta);break a}}Qa=Ra}var Ka={};function Ua(a){return Ja(a,function(){return 0&amp;lt;=Ba(Qa,a)})}var w;w=aa.document&amp;amp;&amp;amp;t?Pa():void 0;var x=t&amp;amp;&amp;amp;!(9&amp;lt;=Number(w)),Va=t&amp;amp;&amp;amp;!(8&amp;lt;=Number(w));function Wa(a,b,c,d){this.a=a;this.nodeName=c;this.nodeValue=d;this.nodeType=2;this.parentNode=this.ownerElement=b}function Xa(a,b){var c=Va&amp;amp;&amp;amp;&amp;quot;href&amp;quot;==b.nodeName?a.getAttribute(b.nodeName,2):b.nodeValue;return new Wa(b,a,b.nodeName,c)};function Ya(a){this.b=a;this.a=0}function Za(a){a=a.match($a);for(var b=0;b&amp;lt;a.length;b++)ab.test(a[b])&amp;amp;&amp;amp;a.splice(b,1);return new Ya(a)}var $a=/\$?(?:(?![0-9-\.])(?:\*|[\w-\.]+):)?(?![0-9-\.])(?:\*|[\w-\.]+)|\/\/|\.\.|::|\d+(?:\.\d*)?|\.\d+|&amp;quot;[^&amp;quot;]*&amp;quot;|&amp;apos;[^&amp;apos;]*&amp;apos;|[!&amp;lt;&amp;gt;]=|\s+|./g,ab=/^\s/;function y(a,b){return a.b[a.a+(b||0)]}function z(a){return a.b[a.a++]}function bb(a){return a.b.length&amp;lt;=a.a};function cb(a,b){this.x=void 0!==a?a:0;this.y=void 0!==b?b:0}cb.prototype.ceil=function(){this.x=Math.ceil(this.x);this.y=Math.ceil(this.y);return this};cb.prototype.floor=function(){this.x=Math.floor(this.x);this.y=Math.floor(this.y);return this};cb.prototype.round=function(){this.x=Math.round(this.x);this.y=Math.round(this.y);return this};function db(a,b){this.width=a;this.height=b}db.prototype.aspectRatio=function(){return this.width/this.height};db.prototype.ceil=function(){this.width=Math.ceil(this.width);this.height=Math.ceil(this.height);return this};db.prototype.floor=function(){this.width=Math.floor(this.width);this.height=Math.floor(this.height);return this};db.prototype.round=function(){this.width=Math.round(this.width);this.height=Math.round(this.height);return this};function eb(a){return a?new fb(A(a)):na||(na=new fb)}function gb(a){for(;a&amp;amp;&amp;amp;1!=a.nodeType;)a=a.previousSibling;return a}function hb(a,b){if(!a||!b)return!1;if(a.contains&amp;amp;&amp;amp;1==b.nodeType)return a==b||a.contains(b);if(&amp;quot;undefined&amp;quot;!=typeof a.compareDocumentPosition)return a==b||!!(a.compareDocumentPosition(b)&amp;amp;16);for(;b&amp;amp;&amp;amp;a!=b;)b=b.parentNode;return b==a}
function ib(a,b){if(a==b)return 0;if(a.compareDocumentPosition)return a.compareDocumentPosition(b)&amp;amp;2?1:-1;if(t&amp;amp;&amp;amp;!(9&amp;lt;=Number(w))){if(9==a.nodeType)return-1;if(9==b.nodeType)return 1}if(&amp;quot;sourceIndex&amp;quot;in a||a.parentNode&amp;amp;&amp;amp;&amp;quot;sourceIndex&amp;quot;in a.parentNode){var c=1==a.nodeType,d=1==b.nodeType;if(c&amp;amp;&amp;amp;d)return a.sourceIndex-b.sourceIndex;var e=a.parentNode,f=b.parentNode;return e==f?jb(a,b):!c&amp;amp;&amp;amp;hb(e,b)?-1*kb(a,b):!d&amp;amp;&amp;amp;hb(f,a)?kb(b,a):(c?a.sourceIndex:e.sourceIndex)-(d?b.sourceIndex:f.sourceIndex)}d=A(a);c=d.createRange();
c.selectNode(a);c.collapse(!0);a=d.createRange();a.selectNode(b);a.collapse(!0);return c.compareBoundaryPoints(aa.Range.START_TO_END,a)}function kb(a,b){var c=a.parentNode;if(c==b)return-1;for(;b.parentNode!=c;)b=b.parentNode;return jb(b,a)}function jb(a,b){for(;b=b.previousSibling;)if(b==a)return-1;return 1}function A(a){return 9==a.nodeType?a:a.ownerDocument||a.document}function lb(a,b){a&amp;amp;&amp;amp;(a=a.parentNode);for(var c=0;a;){if(b(a))return a;a=a.parentNode;c++}return null}
function fb(a){this.a=a||aa.document||document}fb.prototype.getElementsByTagName=function(a,b){return(b||this.a).getElementsByTagName(String(a))};
function mb(a,b,c,d){a=d||a.a;var e=b&amp;amp;&amp;amp;&amp;quot;*&amp;quot;!=b?String(b).toUpperCase():&amp;quot;&amp;quot;;if(a.querySelectorAll&amp;amp;&amp;amp;a.querySelector&amp;amp;&amp;amp;(e||c))c=a.querySelectorAll(e+(c?&amp;quot;.&amp;quot;+c:&amp;quot;&amp;quot;));else if(c&amp;amp;&amp;amp;a.getElementsByClassName)if(b=a.getElementsByClassName(c),e){a={};for(var f=d=0,g;g=b[f];f++)e==g.nodeName&amp;amp;&amp;amp;(a[d++]=g);a.length=d;c=a}else c=b;else if(b=a.getElementsByTagName(e||&amp;quot;*&amp;quot;),c){a={};for(f=d=0;g=b[f];f++){e=g.className;var h;if(h=&amp;quot;function&amp;quot;==typeof e.split)h=0&amp;lt;=oa(e.split(/\s+/),c);h&amp;amp;&amp;amp;(a[d++]=g)}a.length=d;c=a}else c=b;return c}
;function B(a){var b=null,c=a.nodeType;1==c&amp;amp;&amp;amp;(b=a.textContent,b=void 0==b||null==b?a.innerText:b,b=void 0==b||null==b?&amp;quot;&amp;quot;:b);if(&amp;quot;string&amp;quot;!=typeof b)if(x&amp;amp;&amp;amp;&amp;quot;title&amp;quot;==a.nodeName.toLowerCase()&amp;amp;&amp;amp;1==c)b=a.text;else if(9==c||1==c){a=9==c?a.documentElement:a.firstChild;c=0;var d=[];for(b=&amp;quot;&amp;quot;;a;){do 1!=a.nodeType&amp;amp;&amp;amp;(b+=a.nodeValue),x&amp;amp;&amp;amp;&amp;quot;title&amp;quot;==a.nodeName.toLowerCase()&amp;amp;&amp;amp;(b+=a.text),d[c++]=a;while(a=a.firstChild);for(;c&amp;amp;&amp;amp;!(a=d[--c].nextSibling););}}else b=a.nodeValue;return b}
function nb(a,b,c){if(null===b)return!0;try{if(!a.getAttribute)return!1}catch(d){return!1}Va&amp;amp;&amp;amp;&amp;quot;class&amp;quot;==b&amp;amp;&amp;amp;(b=&amp;quot;className&amp;quot;);return null==c?!!a.getAttribute(b):a.getAttribute(b,2)==c}function ob(a,b,c,d,e){return(x?pb:qb).call(null,a,b,ba(c)?c:null,ba(d)?d:null,e||new C)}
function pb(a,b,c,d,e){if(a instanceof rb||8==a.b||c&amp;amp;&amp;amp;null===a.b){var f=b.all;if(!f)return e;a=sb(a);if(&amp;quot;*&amp;quot;!=a&amp;amp;&amp;amp;(f=b.getElementsByTagName(a),!f))return e;if(c){for(var g=[],h=0;b=f[h++];)nb(b,c,d)&amp;amp;&amp;amp;g.push(b);f=g}for(h=0;b=f[h++];)&amp;quot;*&amp;quot;==a&amp;amp;&amp;amp;&amp;quot;!&amp;quot;==b.tagName||e.add(b);return e}tb(a,b,c,d,e);return e}
function qb(a,b,c,d,e){b.getElementsByName&amp;amp;&amp;amp;d&amp;amp;&amp;amp;&amp;quot;name&amp;quot;==c&amp;amp;&amp;amp;!t?(b=b.getElementsByName(d),l(b,function(f){a.a(f)&amp;amp;&amp;amp;e.add(f)})):b.getElementsByClassName&amp;amp;&amp;amp;d&amp;amp;&amp;amp;&amp;quot;class&amp;quot;==c?(b=b.getElementsByClassName(d),l(b,function(f){f.className==d&amp;amp;&amp;amp;a.a(f)&amp;amp;&amp;amp;e.add(f)})):a instanceof D?tb(a,b,c,d,e):b.getElementsByTagName&amp;amp;&amp;amp;(b=b.getElementsByTagName(a.f()),l(b,function(f){nb(f,c,d)&amp;amp;&amp;amp;e.add(f)}));return e}
function ub(a,b,c,d,e){var f;if((a instanceof rb||8==a.b||c&amp;amp;&amp;amp;null===a.b)&amp;amp;&amp;amp;(f=b.childNodes)){var g=sb(a);if(&amp;quot;*&amp;quot;!=g&amp;amp;&amp;amp;(f=pa(f,function(h){return h.tagName&amp;amp;&amp;amp;h.tagName.toLowerCase()==g}),!f))return e;c&amp;amp;&amp;amp;(f=pa(f,function(h){return nb(h,c,d)}));l(f,function(h){&amp;quot;*&amp;quot;==g&amp;amp;&amp;amp;(&amp;quot;!&amp;quot;==h.tagName||&amp;quot;*&amp;quot;==g&amp;amp;&amp;amp;1!=h.nodeType)||e.add(h)});return e}return vb(a,b,c,d,e)}function vb(a,b,c,d,e){for(b=b.firstChild;b;b=b.nextSibling)nb(b,c,d)&amp;amp;&amp;amp;a.a(b)&amp;amp;&amp;amp;e.add(b);return e}
function tb(a,b,c,d,e){for(b=b.firstChild;b;b=b.nextSibling)nb(b,c,d)&amp;amp;&amp;amp;a.a(b)&amp;amp;&amp;amp;e.add(b),tb(a,b,c,d,e)}function sb(a){if(a instanceof D){if(8==a.b)return&amp;quot;!&amp;quot;;if(null===a.b)return&amp;quot;*&amp;quot;}return a.f()};function C(){this.b=this.a=null;this.m=0}function wb(a){this.f=a;this.a=this.b=null}function xb(a,b){if(!a.a)return b;if(!b.a)return a;var c=a.a;b=b.a;for(var d=null,e,f=0;c&amp;amp;&amp;amp;b;){e=c.f;var g=b.f;e==g||e instanceof Wa&amp;amp;&amp;amp;g instanceof Wa&amp;amp;&amp;amp;e.a==g.a?(e=c,c=c.a,b=b.a):0&amp;lt;ib(c.f,b.f)?(e=b,b=b.a):(e=c,c=c.a);(e.b=d)?d.a=e:a.a=e;d=e;f++}for(e=c||b;e;)e.b=d,d=d.a=e,f++,e=e.a;a.b=d;a.m=f;return a}function yb(a,b){b=new wb(b);b.a=a.a;a.b?a.a.b=b:a.a=a.b=b;a.a=b;a.m++}
C.prototype.add=function(a){a=new wb(a);a.b=this.b;this.a?this.b.a=a:this.a=this.b=a;this.b=a;this.m++};function zb(a){return(a=a.a)?a.f:null}function Bb(a){return(a=zb(a))?B(a):&amp;quot;&amp;quot;}function Cb(a,b){return new Db(a,!!b)}function Db(a,b){this.f=a;this.b=(this.A=b)?a.b:a.a;this.a=null}function E(a){var b=a.b;if(null==b)return null;var c=a.a=b;a.b=a.A?b.b:b.a;return c.f};function F(a){this.i=a;this.b=this.g=!1;this.f=null}function H(a){return&amp;quot;\n  &amp;quot;+a.toString().split(&amp;quot;\n&amp;quot;).join(&amp;quot;\n  &amp;quot;)}function Eb(a,b){a.g=b}function Fb(a,b){a.b=b}function I(a,b){a=a.a(b);return a instanceof C?+Bb(a):+a}function J(a,b){a=a.a(b);return a instanceof C?Bb(a):&amp;quot;&amp;quot;+a}function Gb(a,b){a=a.a(b);return a instanceof C?!!a.m:!!a};function Hb(a,b,c){F.call(this,a.i);this.c=a;this.h=b;this.v=c;this.g=b.g||c.g;this.b=b.b||c.b;this.c==Ib&amp;amp;&amp;amp;(c.b||c.g||4==c.i||0==c.i||!b.f?b.b||b.g||4==b.i||0==b.i||!c.f||(this.f={name:c.f.name,B:b}):this.f={name:b.f.name,B:c})}k(Hb,F);
function Jb(a,b,c,d,e){b=b.a(d);c=c.a(d);var f;if(b instanceof C&amp;amp;&amp;amp;c instanceof C){b=Cb(b);for(d=E(b);d;d=E(b))for(e=Cb(c),f=E(e);f;f=E(e))if(a(B(d),B(f)))return!0;return!1}if(b instanceof C||c instanceof C){b instanceof C?(e=b,d=c):(e=c,d=b);f=Cb(e);for(var g=typeof d,h=E(f);h;h=E(f)){switch(g){case &amp;quot;number&amp;quot;:h=+B(h);break;case &amp;quot;boolean&amp;quot;:h=!!B(h);break;case &amp;quot;string&amp;quot;:h=B(h);break;default:throw Error(&amp;quot;Illegal primitive type for comparison.&amp;quot;);}if(e==b&amp;amp;&amp;amp;a(h,d)||e==c&amp;amp;&amp;amp;a(d,h))return!0}return!1}return e?
&amp;quot;boolean&amp;quot;==typeof b||&amp;quot;boolean&amp;quot;==typeof c?a(!!b,!!c):&amp;quot;number&amp;quot;==typeof b||&amp;quot;number&amp;quot;==typeof c?a(+b,+c):a(b,c):a(+b,+c)}Hb.prototype.a=function(a){return this.c.s(this.h,this.v,a)};Hb.prototype.toString=function(){var a=&amp;quot;Binary Expression: &amp;quot;+this.c;a+=H(this.h);return a+=H(this.v)};function Kb(a,b,c,d){this.$=a;this.M=b;this.i=c;this.s=d}Kb.prototype.toString=function(){return this.$};var Lb={};
function K(a,b,c,d){if(Lb.hasOwnProperty(a))throw Error(&amp;quot;Binary operator already created: &amp;quot;+a);a=new Kb(a,b,c,d);return Lb[a.toString()]=a}K(&amp;quot;div&amp;quot;,6,1,function(a,b,c){return I(a,c)/I(b,c)});K(&amp;quot;mod&amp;quot;,6,1,function(a,b,c){return I(a,c)%I(b,c)});K(&amp;quot;*&amp;quot;,6,1,function(a,b,c){return I(a,c)*I(b,c)});K(&amp;quot;+&amp;quot;,5,1,function(a,b,c){return I(a,c)+I(b,c)});K(&amp;quot;-&amp;quot;,5,1,function(a,b,c){return I(a,c)-I(b,c)});K(&amp;quot;&amp;lt;&amp;quot;,4,2,function(a,b,c){return Jb(function(d,e){return d&amp;lt;e},a,b,c)});
K(&amp;quot;&amp;gt;&amp;quot;,4,2,function(a,b,c){return Jb(function(d,e){return d&amp;gt;e},a,b,c)});K(&amp;quot;&amp;lt;=&amp;quot;,4,2,function(a,b,c){return Jb(function(d,e){return d&amp;lt;=e},a,b,c)});K(&amp;quot;&amp;gt;=&amp;quot;,4,2,function(a,b,c){return Jb(function(d,e){return d&amp;gt;=e},a,b,c)});var Ib=K(&amp;quot;=&amp;quot;,3,2,function(a,b,c){return Jb(function(d,e){return d==e},a,b,c,!0)});K(&amp;quot;!=&amp;quot;,3,2,function(a,b,c){return Jb(function(d,e){return d!=e},a,b,c,!0)});K(&amp;quot;and&amp;quot;,2,2,function(a,b,c){return Gb(a,c)&amp;amp;&amp;amp;Gb(b,c)});K(&amp;quot;or&amp;quot;,1,2,function(a,b,c){return Gb(a,c)||Gb(b,c)});function Mb(a,b){if(b.a.length&amp;amp;&amp;amp;4!=a.i)throw Error(&amp;quot;Primary expression must evaluate to nodeset if filter has predicate(s).&amp;quot;);F.call(this,a.i);this.c=a;this.h=b;this.g=a.g;this.b=a.b}k(Mb,F);Mb.prototype.a=function(a){a=this.c.a(a);return Nb(this.h,a)};Mb.prototype.toString=function(){var a=&amp;quot;Filter:&amp;quot;+H(this.c);return a+=H(this.h)};function Ob(a,b){if(b.length&amp;lt;a.L)throw Error(&amp;quot;Function &amp;quot;+a.l+&amp;quot; expects at least&amp;quot;+a.L+&amp;quot; arguments, &amp;quot;+b.length+&amp;quot; given&amp;quot;);if(null!==a.H&amp;amp;&amp;amp;b.length&amp;gt;a.H)throw Error(&amp;quot;Function &amp;quot;+a.l+&amp;quot; expects at most &amp;quot;+a.H+&amp;quot; arguments, &amp;quot;+b.length+&amp;quot; given&amp;quot;);a.Z&amp;amp;&amp;amp;l(b,function(c,d){if(4!=c.i)throw Error(&amp;quot;Argument &amp;quot;+d+&amp;quot; to function &amp;quot;+a.l+&amp;quot; is not of type Nodeset: &amp;quot;+c);});F.call(this,a.i);this.D=a;this.c=b;Eb(this,a.g||sa(b,function(c){return c.g}));Fb(this,a.Y&amp;amp;&amp;amp;!b.length||a.X&amp;amp;&amp;amp;!!b.length||sa(b,function(c){return c.b}))}
k(Ob,F);Ob.prototype.a=function(a){return this.D.s.apply(null,va(a,this.c))};Ob.prototype.toString=function(){var a=&amp;quot;Function: &amp;quot;+this.D;if(this.c.length){var b=ra(this.c,function(c,d){return c+H(d)},&amp;quot;Arguments:&amp;quot;);a+=H(b)}return a};function Pb(a,b,c,d,e,f,g,h){this.l=a;this.i=b;this.g=c;this.Y=d;this.X=!1;this.s=e;this.L=f;this.H=void 0!==g?g:f;this.Z=!!h}Pb.prototype.toString=function(){return this.l};var Qb={};
function L(a,b,c,d,e,f,g,h){if(Qb.hasOwnProperty(a))throw Error(&amp;quot;Function already created: &amp;quot;+a+&amp;quot;.&amp;quot;);Qb[a]=new Pb(a,b,c,d,e,f,g,h)}L(&amp;quot;boolean&amp;quot;,2,!1,!1,function(a,b){return Gb(b,a)},1);L(&amp;quot;ceiling&amp;quot;,1,!1,!1,function(a,b){return Math.ceil(I(b,a))},1);L(&amp;quot;concat&amp;quot;,3,!1,!1,function(a,b){return ra(wa(arguments,1),function(c,d){return c+J(d,a)},&amp;quot;&amp;quot;)},2,null);L(&amp;quot;contains&amp;quot;,2,!1,!1,function(a,b,c){b=J(b,a);a=J(c,a);return a=-1!=b.indexOf(a)},2);L(&amp;quot;count&amp;quot;,1,!1,!1,function(a,b){return b.a(a).m},1,1,!0);
L(&amp;quot;false&amp;quot;,2,!1,!1,function(){return!1},0);L(&amp;quot;floor&amp;quot;,1,!1,!1,function(a,b){return Math.floor(I(b,a))},1);L(&amp;quot;id&amp;quot;,4,!1,!1,function(a,b){function c(h){if(x){var n=e.all[h];if(n){if(n.nodeType&amp;amp;&amp;amp;h==n.id)return n;if(n.length)return ua(n,function(u){return h==u.id})}return null}return e.getElementById(h)}var d=a.a,e=9==d.nodeType?d:d.ownerDocument;a=J(b,a).split(/\s+/);var f=[];l(a,function(h){h=c(h);!h||0&amp;lt;=oa(f,h)||f.push(h)});f.sort(ib);var g=new C;l(f,function(h){g.add(h)});return g},1);
L(&amp;quot;lang&amp;quot;,2,!1,!1,function(){return!1},1);L(&amp;quot;last&amp;quot;,1,!0,!1,function(a){if(1!=arguments.length)throw Error(&amp;quot;Function last expects ()&amp;quot;);return a.f},0);L(&amp;quot;local-name&amp;quot;,3,!1,!0,function(a,b){return(a=b?zb(b.a(a)):a.a)?a.localName||a.nodeName.toLowerCase():&amp;quot;&amp;quot;},0,1,!0);L(&amp;quot;name&amp;quot;,3,!1,!0,function(a,b){return(a=b?zb(b.a(a)):a.a)?a.nodeName.toLowerCase():&amp;quot;&amp;quot;},0,1,!0);L(&amp;quot;namespace-uri&amp;quot;,3,!0,!1,function(){return&amp;quot;&amp;quot;},0,1,!0);
L(&amp;quot;normalize-space&amp;quot;,3,!1,!0,function(a,b){return(b?J(b,a):B(a.a)).replace(/[\s\xa0]+/g,&amp;quot; &amp;quot;).replace(/^\s+|\s+$/g,&amp;quot;&amp;quot;)},0,1);L(&amp;quot;not&amp;quot;,2,!1,!1,function(a,b){return!Gb(b,a)},1);L(&amp;quot;number&amp;quot;,1,!1,!0,function(a,b){return b?I(b,a):+B(a.a)},0,1);L(&amp;quot;position&amp;quot;,1,!0,!1,function(a){return a.b},0);L(&amp;quot;round&amp;quot;,1,!1,!1,function(a,b){return Math.round(I(b,a))},1);L(&amp;quot;starts-with&amp;quot;,2,!1,!1,function(a,b,c){b=J(b,a);a=J(c,a);return 0==b.lastIndexOf(a,0)},2);L(&amp;quot;string&amp;quot;,3,!1,!0,function(a,b){return b?J(b,a):B(a.a)},0,1);
L(&amp;quot;string-length&amp;quot;,1,!1,!0,function(a,b){return(b?J(b,a):B(a.a)).length},0,1);L(&amp;quot;substring&amp;quot;,3,!1,!1,function(a,b,c,d){c=I(c,a);if(isNaN(c)||Infinity==c||-Infinity==c)return&amp;quot;&amp;quot;;d=d?I(d,a):Infinity;if(isNaN(d)||-Infinity===d)return&amp;quot;&amp;quot;;c=Math.round(c)-1;var e=Math.max(c,0);a=J(b,a);return Infinity==d?a.substring(e):a.substring(e,c+Math.round(d))},2,3);L(&amp;quot;substring-after&amp;quot;,3,!1,!1,function(a,b,c){b=J(b,a);a=J(c,a);c=b.indexOf(a);return-1==c?&amp;quot;&amp;quot;:b.substring(c+a.length)},2);
L(&amp;quot;substring-before&amp;quot;,3,!1,!1,function(a,b,c){b=J(b,a);a=J(c,a);a=b.indexOf(a);return-1==a?&amp;quot;&amp;quot;:b.substring(0,a)},2);L(&amp;quot;sum&amp;quot;,1,!1,!1,function(a,b){a=Cb(b.a(a));b=0;for(var c=E(a);c;c=E(a))b+=+B(c);return b},1,1,!0);L(&amp;quot;translate&amp;quot;,3,!1,!1,function(a,b,c,d){b=J(b,a);c=J(c,a);var e=J(d,a);a={};for(d=0;d&amp;lt;c.length;d++){var f=c.charAt(d);f in a||(a[f]=e.charAt(d))}c=&amp;quot;&amp;quot;;for(d=0;d&amp;lt;b.length;d++)f=b.charAt(d),c+=f in a?a[f]:f;return c},3);L(&amp;quot;true&amp;quot;,2,!1,!1,function(){return!0},0);function D(a,b){this.h=a;this.c=void 0!==b?b:null;this.b=null;switch(a){case &amp;quot;comment&amp;quot;:this.b=8;break;case &amp;quot;text&amp;quot;:this.b=3;break;case &amp;quot;processing-instruction&amp;quot;:this.b=7;break;case &amp;quot;node&amp;quot;:break;default:throw Error(&amp;quot;Unexpected argument&amp;quot;);}}function Rb(a){return&amp;quot;comment&amp;quot;==a||&amp;quot;text&amp;quot;==a||&amp;quot;processing-instruction&amp;quot;==a||&amp;quot;node&amp;quot;==a}D.prototype.a=function(a){return null===this.b||this.b==a.nodeType};D.prototype.f=function(){return this.h};
D.prototype.toString=function(){var a=&amp;quot;Kind Test: &amp;quot;+this.h;null===this.c||(a+=H(this.c));return a};function Sb(a){F.call(this,3);this.c=a.substring(1,a.length-1)}k(Sb,F);Sb.prototype.a=function(){return this.c};Sb.prototype.toString=function(){return&amp;quot;Literal: &amp;quot;+this.c};function rb(a,b){this.l=a.toLowerCase();a=&amp;quot;*&amp;quot;==this.l?&amp;quot;*&amp;quot;:&amp;quot;http://www.w3.org/1999/xhtml&amp;quot;;this.c=b?b.toLowerCase():a}rb.prototype.a=function(a){var b=a.nodeType;if(1!=b&amp;amp;&amp;amp;2!=b)return!1;b=void 0!==a.localName?a.localName:a.nodeName;return&amp;quot;*&amp;quot;!=this.l&amp;amp;&amp;amp;this.l!=b.toLowerCase()?!1:&amp;quot;*&amp;quot;==this.c?!0:this.c==(a.namespaceURI?a.namespaceURI.toLowerCase():&amp;quot;http://www.w3.org/1999/xhtml&amp;quot;)};rb.prototype.f=function(){return this.l};
rb.prototype.toString=function(){return&amp;quot;Name Test: &amp;quot;+(&amp;quot;http://www.w3.org/1999/xhtml&amp;quot;==this.c?&amp;quot;&amp;quot;:this.c+&amp;quot;:&amp;quot;)+this.l};function Tb(a){F.call(this,1);this.c=a}k(Tb,F);Tb.prototype.a=function(){return this.c};Tb.prototype.toString=function(){return&amp;quot;Number: &amp;quot;+this.c};function Ub(a,b){F.call(this,a.i);this.h=a;this.c=b;this.g=a.g;this.b=a.b;1==this.c.length&amp;amp;&amp;amp;(a=this.c[0],a.G||a.c!=Vb||(a=a.v,&amp;quot;*&amp;quot;!=a.f()&amp;amp;&amp;amp;(this.f={name:a.f(),B:null})))}k(Ub,F);function Wb(){F.call(this,4)}k(Wb,F);Wb.prototype.a=function(a){var b=new C;a=a.a;9==a.nodeType?b.add(a):b.add(a.ownerDocument);return b};Wb.prototype.toString=function(){return&amp;quot;Root Helper Expression&amp;quot;};function Xb(){F.call(this,4)}k(Xb,F);Xb.prototype.a=function(a){var b=new C;b.add(a.a);return b};Xb.prototype.toString=function(){return&amp;quot;Context Helper Expression&amp;quot;};
function Yb(a){return&amp;quot;/&amp;quot;==a||&amp;quot;//&amp;quot;==a}Ub.prototype.a=function(a){var b=this.h.a(a);if(!(b instanceof C))throw Error(&amp;quot;Filter expression must evaluate to nodeset.&amp;quot;);a=this.c;for(var c=0,d=a.length;c&amp;lt;d&amp;amp;&amp;amp;b.m;c++){var e=a[c],f=Cb(b,e.c.A);if(e.g||e.c!=Zb)if(e.g||e.c!=$b){var g=E(f);for(b=e.a(new ma(g));null!=(g=E(f));)g=e.a(new ma(g)),b=xb(b,g)}else g=E(f),b=e.a(new ma(g));else{for(g=E(f);(b=E(f))&amp;amp;&amp;amp;(!g.contains||g.contains(b))&amp;amp;&amp;amp;b.compareDocumentPosition(g)&amp;amp;8;g=b);b=e.a(new ma(g))}}return b};
Ub.prototype.toString=function(){var a=&amp;quot;Path Expression:&amp;quot;+H(this.h);if(this.c.length){var b=ra(this.c,function(c,d){return c+H(d)},&amp;quot;Steps:&amp;quot;);a+=H(b)}return a};function ac(a,b){this.a=a;this.A=!!b}
function Nb(a,b,c){for(c=c||0;c&amp;lt;a.a.length;c++)for(var d=a.a[c],e=Cb(b),f=b.m,g,h=0;g=E(e);h++){var n=a.A?f-h:h+1;g=d.a(new ma(g,n,f));if(&amp;quot;number&amp;quot;==typeof g)n=n==g;else if(&amp;quot;string&amp;quot;==typeof g||&amp;quot;boolean&amp;quot;==typeof g)n=!!g;else if(g instanceof C)n=0&amp;lt;g.m;else throw Error(&amp;quot;Predicate.evaluate returned an unexpected type.&amp;quot;);if(!n){n=e;g=n.f;var u=n.a;if(!u)throw Error(&amp;quot;Next must be called at least once before remove.&amp;quot;);var p=u.b;u=u.a;p?p.a=u:g.a=u;u?u.b=p:g.b=p;g.m--;n.a=null}}return b}
ac.prototype.toString=function(){return ra(this.a,function(a,b){return a+H(b)},&amp;quot;Predicates:&amp;quot;)};function bc(a,b,c,d){F.call(this,4);this.c=a;this.v=b;this.h=c||new ac([]);this.G=!!d;b=this.h;b=0&amp;lt;b.a.length?b.a[0].f:null;a.ca&amp;amp;&amp;amp;b&amp;amp;&amp;amp;(a=b.name,a=x?a.toLowerCase():a,this.f={name:a,B:b.B});a:{a=this.h;for(b=0;b&amp;lt;a.a.length;b++)if(c=a.a[b],c.g||1==c.i||0==c.i){a=!0;break a}a=!1}this.g=a}k(bc,F);
bc.prototype.a=function(a){var b=a.a,c=this.f,d=null,e=null,f=0;c&amp;amp;&amp;amp;(d=c.name,e=c.B?J(c.B,a):null,f=1);if(this.G)if(this.g||this.c!=cc)if(b=Cb((new bc(dc,new D(&amp;quot;node&amp;quot;))).a(a)),c=E(b))for(a=this.s(c,d,e,f);null!=(c=E(b));)a=xb(a,this.s(c,d,e,f));else a=new C;else a=ob(this.v,b,d,e),a=Nb(this.h,a,f);else a=this.s(a.a,d,e,f);return a};bc.prototype.s=function(a,b,c,d){a=this.c.D(this.v,a,b,c);return a=Nb(this.h,a,d)};
bc.prototype.toString=function(){var a=&amp;quot;Step:&amp;quot;+H(&amp;quot;Operator: &amp;quot;+(this.G?&amp;quot;//&amp;quot;:&amp;quot;/&amp;quot;));this.c.l&amp;amp;&amp;amp;(a+=H(&amp;quot;Axis: &amp;quot;+this.c));a+=H(this.v);if(this.h.a.length){var b=ra(this.h.a,function(c,d){return c+H(d)},&amp;quot;Predicates:&amp;quot;);a+=H(b)}return a};function ec(a,b,c,d){this.l=a;this.D=b;this.A=c;this.ca=d}ec.prototype.toString=function(){return this.l};var fc={};function M(a,b,c,d){if(fc.hasOwnProperty(a))throw Error(&amp;quot;Axis already created: &amp;quot;+a);b=new ec(a,b,c,!!d);return fc[a]=b}
M(&amp;quot;ancestor&amp;quot;,function(a,b){for(var c=new C;b=b.parentNode;)a.a(b)&amp;amp;&amp;amp;yb(c,b);return c},!0);M(&amp;quot;ancestor-or-self&amp;quot;,function(a,b){var c=new C;do a.a(b)&amp;amp;&amp;amp;yb(c,b);while(b=b.parentNode);return c},!0);
var Vb=M(&amp;quot;attribute&amp;quot;,function(a,b){var c=new C,d=a.f();if(&amp;quot;style&amp;quot;==d&amp;amp;&amp;amp;x&amp;amp;&amp;amp;b.style)return c.add(new Wa(b.style,b,&amp;quot;style&amp;quot;,b.style.cssText)),c;var e=b.attributes;if(e)if(a instanceof D&amp;amp;&amp;amp;null===a.b||&amp;quot;*&amp;quot;==d)for(a=0;d=e[a];a++)x?d.nodeValue&amp;amp;&amp;amp;c.add(Xa(b,d)):c.add(d);else(d=e.getNamedItem(d))&amp;amp;&amp;amp;(x?d.nodeValue&amp;amp;&amp;amp;c.add(Xa(b,d)):c.add(d));return c},!1),cc=M(&amp;quot;child&amp;quot;,function(a,b,c,d,e){return(x?ub:vb).call(null,a,b,ba(c)?c:null,ba(d)?d:null,e||new C)},!1,!0);M(&amp;quot;descendant&amp;quot;,ob,!1,!0);
var dc=M(&amp;quot;descendant-or-self&amp;quot;,function(a,b,c,d){var e=new C;nb(b,c,d)&amp;amp;&amp;amp;a.a(b)&amp;amp;&amp;amp;e.add(b);return ob(a,b,c,d,e)},!1,!0),Zb=M(&amp;quot;following&amp;quot;,function(a,b,c,d){var e=new C;do for(var f=b;f=f.nextSibling;)nb(f,c,d)&amp;amp;&amp;amp;a.a(f)&amp;amp;&amp;amp;e.add(f),e=ob(a,f,c,d,e);while(b=b.parentNode);return e},!1,!0);M(&amp;quot;following-sibling&amp;quot;,function(a,b){for(var c=new C;b=b.nextSibling;)a.a(b)&amp;amp;&amp;amp;c.add(b);return c},!1);M(&amp;quot;namespace&amp;quot;,function(){return new C},!1);
var gc=M(&amp;quot;parent&amp;quot;,function(a,b){var c=new C;if(9==b.nodeType)return c;if(2==b.nodeType)return c.add(b.ownerElement),c;b=b.parentNode;a.a(b)&amp;amp;&amp;amp;c.add(b);return c},!1),$b=M(&amp;quot;preceding&amp;quot;,function(a,b,c,d){var e=new C,f=[];do f.unshift(b);while(b=b.parentNode);for(var g=1,h=f.length;g&amp;lt;h;g++){var n=[];for(b=f[g];b=b.previousSibling;)n.unshift(b);for(var u=0,p=n.length;u&amp;lt;p;u++)b=n[u],nb(b,c,d)&amp;amp;&amp;amp;a.a(b)&amp;amp;&amp;amp;e.add(b),e=ob(a,b,c,d,e)}return e},!0,!0);
M(&amp;quot;preceding-sibling&amp;quot;,function(a,b){for(var c=new C;b=b.previousSibling;)a.a(b)&amp;amp;&amp;amp;yb(c,b);return c},!0);var hc=M(&amp;quot;self&amp;quot;,function(a,b){var c=new C;a.a(b)&amp;amp;&amp;amp;c.add(b);return c},!1);function ic(a){F.call(this,1);this.c=a;this.g=a.g;this.b=a.b}k(ic,F);ic.prototype.a=function(a){return-I(this.c,a)};ic.prototype.toString=function(){return&amp;quot;Unary Expression: -&amp;quot;+H(this.c)};function jc(a){F.call(this,4);this.c=a;Eb(this,sa(this.c,function(b){return b.g}));Fb(this,sa(this.c,function(b){return b.b}))}k(jc,F);jc.prototype.a=function(a){var b=new C;l(this.c,function(c){c=c.a(a);if(!(c instanceof C))throw Error(&amp;quot;Path expression must evaluate to NodeSet.&amp;quot;);b=xb(b,c)});return b};jc.prototype.toString=function(){return ra(this.c,function(a,b){return a+H(b)},&amp;quot;Union Expression:&amp;quot;)};function kc(a,b){this.a=a;this.b=b}function lc(a){for(var b,c=[];;){N(a,&amp;quot;Missing right hand side of binary expression.&amp;quot;);b=mc(a);var d=z(a.a);if(!d)break;var e=(d=Lb[d]||null)&amp;amp;&amp;amp;d.M;if(!e){a.a.a--;break}for(;c.length&amp;amp;&amp;amp;e&amp;lt;=c[c.length-1].M;)b=new Hb(c.pop(),c.pop(),b);c.push(b,d)}for(;c.length;)b=new Hb(c.pop(),c.pop(),b);return b}function N(a,b){if(bb(a.a))throw Error(b);}function nc(a,b){a=z(a.a);if(a!=b)throw Error(&amp;quot;Bad token, expected: &amp;quot;+b+&amp;quot; got: &amp;quot;+a);}
function oc(a){a=z(a.a);if(&amp;quot;)&amp;quot;!=a)throw Error(&amp;quot;Bad token: &amp;quot;+a);}function rc(a){a=z(a.a);if(2&amp;gt;a.length)throw Error(&amp;quot;Unclosed literal string&amp;quot;);return new Sb(a)}
function sc(a){var b=[];if(Yb(y(a.a))){var c=z(a.a);var d=y(a.a);if(&amp;quot;/&amp;quot;==c&amp;amp;&amp;amp;(bb(a.a)||&amp;quot;.&amp;quot;!=d&amp;amp;&amp;amp;&amp;quot;..&amp;quot;!=d&amp;amp;&amp;amp;&amp;quot;@&amp;quot;!=d&amp;amp;&amp;amp;&amp;quot;*&amp;quot;!=d&amp;amp;&amp;amp;!/(?![0-9])[\w]/.test(d)))return new Wb;d=new Wb;N(a,&amp;quot;Missing next location step.&amp;quot;);c=tc(a,c);b.push(c)}else{a:{c=y(a.a);d=c.charAt(0);switch(d){case &amp;quot;$&amp;quot;:throw Error(&amp;quot;Variable reference not allowed in HTML XPath&amp;quot;);case &amp;quot;(&amp;quot;:z(a.a);c=lc(a);N(a,&amp;apos;unclosed &amp;quot;(&amp;quot;&amp;apos;);nc(a,&amp;quot;)&amp;quot;);break;case &amp;apos;&amp;quot;&amp;apos;:case &amp;quot;&amp;apos;&amp;quot;:c=rc(a);break;default:if(isNaN(+c))if(!Rb(c)&amp;amp;&amp;amp;/(?![0-9])[\w]/.test(d)&amp;amp;&amp;amp;&amp;quot;(&amp;quot;==y(a.a,1)){c=z(a.a);
c=Qb[c]||null;z(a.a);for(d=[];&amp;quot;)&amp;quot;!=y(a.a);){N(a,&amp;quot;Missing function argument list.&amp;quot;);d.push(lc(a));if(&amp;quot;,&amp;quot;!=y(a.a))break;z(a.a)}N(a,&amp;quot;Unclosed function argument list.&amp;quot;);oc(a);c=new Ob(c,d)}else{c=null;break a}else c=new Tb(+z(a.a))}&amp;quot;[&amp;quot;==y(a.a)&amp;amp;&amp;amp;(d=new ac(uc(a)),c=new Mb(c,d))}if(c)if(Yb(y(a.a)))d=c;else return c;else c=tc(a,&amp;quot;/&amp;quot;),d=new Xb,b.push(c)}for(;Yb(y(a.a));)c=z(a.a),N(a,&amp;quot;Missing next location step.&amp;quot;),c=tc(a,c),b.push(c);return new Ub(d,b)}
function tc(a,b){if(&amp;quot;/&amp;quot;!=b&amp;amp;&amp;amp;&amp;quot;//&amp;quot;!=b)throw Error(&amp;apos;Step op should be &amp;quot;/&amp;quot; or &amp;quot;//&amp;quot;&amp;apos;);if(&amp;quot;.&amp;quot;==y(a.a)){var c=new bc(hc,new D(&amp;quot;node&amp;quot;));z(a.a);return c}if(&amp;quot;..&amp;quot;==y(a.a))return c=new bc(gc,new D(&amp;quot;node&amp;quot;)),z(a.a),c;if(&amp;quot;@&amp;quot;==y(a.a)){var d=Vb;z(a.a);N(a,&amp;quot;Missing attribute name&amp;quot;)}else if(&amp;quot;::&amp;quot;==y(a.a,1)){if(!/(?![0-9])[\w]/.test(y(a.a).charAt(0)))throw Error(&amp;quot;Bad token: &amp;quot;+z(a.a));var e=z(a.a);d=fc[e]||null;if(!d)throw Error(&amp;quot;No axis with name: &amp;quot;+e);z(a.a);N(a,&amp;quot;Missing node name&amp;quot;)}else d=cc;e=y(a.a);if(/(?![0-9])[\w\*]/.test(e.charAt(0)))if(&amp;quot;(&amp;quot;==
y(a.a,1)){if(!Rb(e))throw Error(&amp;quot;Invalid node type: &amp;quot;+e);e=z(a.a);if(!Rb(e))throw Error(&amp;quot;Invalid type name: &amp;quot;+e);nc(a,&amp;quot;(&amp;quot;);N(a,&amp;quot;Bad nodetype&amp;quot;);var f=y(a.a).charAt(0),g=null;if(&amp;apos;&amp;quot;&amp;apos;==f||&amp;quot;&amp;apos;&amp;quot;==f)g=rc(a);N(a,&amp;quot;Bad nodetype&amp;quot;);oc(a);e=new D(e,g)}else if(e=z(a.a),f=e.indexOf(&amp;quot;:&amp;quot;),-1==f)e=new rb(e);else{g=e.substring(0,f);if(&amp;quot;*&amp;quot;==g)var h=&amp;quot;*&amp;quot;;else if(h=a.b(g),!h)throw Error(&amp;quot;Namespace prefix not declared: &amp;quot;+g);e=e.substr(f+1);e=new rb(e,h)}else throw Error(&amp;quot;Bad token: &amp;quot;+z(a.a));a=new ac(uc(a),d.A);return c||
new bc(d,e,a,&amp;quot;//&amp;quot;==b)}function uc(a){for(var b=[];&amp;quot;[&amp;quot;==y(a.a);){z(a.a);N(a,&amp;quot;Missing predicate expression.&amp;quot;);var c=lc(a);b.push(c);N(a,&amp;quot;Unclosed predicate expression.&amp;quot;);nc(a,&amp;quot;]&amp;quot;)}return b}function mc(a){if(&amp;quot;-&amp;quot;==y(a.a))return z(a.a),new ic(mc(a));var b=sc(a);if(&amp;quot;|&amp;quot;!=y(a.a))a=b;else{for(b=[b];&amp;quot;|&amp;quot;==z(a.a);)N(a,&amp;quot;Missing next union location path.&amp;quot;),b.push(sc(a));a.a.a--;a=new jc(b)}return a};function vc(a){switch(a.nodeType){case 1:return la(wc,a);case 9:return vc(a.documentElement);case 11:case 10:case 6:case 12:return xc;default:return a.parentNode?vc(a.parentNode):xc}}function xc(){return null}function wc(a,b){if(a.prefix==b)return a.namespaceURI||&amp;quot;http://www.w3.org/1999/xhtml&amp;quot;;var c=a.getAttributeNode(&amp;quot;xmlns:&amp;quot;+b);return c&amp;amp;&amp;amp;c.specified?c.value||null:a.parentNode&amp;amp;&amp;amp;9!=a.parentNode.nodeType?wc(a.parentNode,b):null};function yc(a,b){if(!a.length)throw Error(&amp;quot;Empty XPath expression.&amp;quot;);a=Za(a);if(bb(a))throw Error(&amp;quot;Invalid XPath expression.&amp;quot;);b?ea(b)||(b=ka(b.lookupNamespaceURI,b)):b=function(){return null};var c=lc(new kc(a,b));if(!bb(a))throw Error(&amp;quot;Bad token: &amp;quot;+z(a));this.evaluate=function(d,e){d=c.a(new ma(d));return new O(d,e)}}
function O(a,b){if(0==b)if(a instanceof C)b=4;else if(&amp;quot;string&amp;quot;==typeof a)b=2;else if(&amp;quot;number&amp;quot;==typeof a)b=1;else if(&amp;quot;boolean&amp;quot;==typeof a)b=3;else throw Error(&amp;quot;Unexpected evaluation result.&amp;quot;);if(2!=b&amp;amp;&amp;amp;1!=b&amp;amp;&amp;amp;3!=b&amp;amp;&amp;amp;!(a instanceof C))throw Error(&amp;quot;value could not be converted to the specified type&amp;quot;);this.resultType=b;switch(b){case 2:this.stringValue=a instanceof C?Bb(a):&amp;quot;&amp;quot;+a;break;case 1:this.numberValue=a instanceof C?+Bb(a):+a;break;case 3:this.booleanValue=a instanceof C?0&amp;lt;a.m:!!a;break;case 4:case 5:case 6:case 7:var c=
Cb(a);var d=[];for(var e=E(c);e;e=E(c))d.push(e instanceof Wa?e.a:e);this.snapshotLength=a.m;this.invalidIteratorState=!1;break;case 8:case 9:a=zb(a);this.singleNodeValue=a instanceof Wa?a.a:a;break;default:throw Error(&amp;quot;Unknown XPathResult type.&amp;quot;);}var f=0;this.iterateNext=function(){if(4!=b&amp;amp;&amp;amp;5!=b)throw Error(&amp;quot;iterateNext called with wrong result type&amp;quot;);return f&amp;gt;=d.length?null:d[f++]};this.snapshotItem=function(g){if(6!=b&amp;amp;&amp;amp;7!=b)throw Error(&amp;quot;snapshotItem called with wrong result type&amp;quot;);return g&amp;gt;=d.length||
0&amp;gt;g?null:d[g]}}O.ANY_TYPE=0;O.NUMBER_TYPE=1;O.STRING_TYPE=2;O.BOOLEAN_TYPE=3;O.UNORDERED_NODE_ITERATOR_TYPE=4;O.ORDERED_NODE_ITERATOR_TYPE=5;O.UNORDERED_NODE_SNAPSHOT_TYPE=6;O.ORDERED_NODE_SNAPSHOT_TYPE=7;O.ANY_UNORDERED_NODE_TYPE=8;O.FIRST_ORDERED_NODE_TYPE=9;function zc(a){this.lookupNamespaceURI=vc(a)}
function Ac(a,b){a=a||aa;var c=a.Document&amp;amp;&amp;amp;a.Document.prototype||a.document;if(!c.evaluate||b)a.XPathResult=O,c.evaluate=function(d,e,f,g){return(new yc(d,f)).evaluate(e,g)},c.createExpression=function(d,e){return new yc(d,e)},c.createNSResolver=function(d){return new zc(d)}}ca(&amp;quot;wgxpath.install&amp;quot;,Ac);ca(&amp;quot;wgxpath.install&amp;quot;,Ac);var Bc=window;function P(a,b){this.code=a;this.a=Q[a]||Cc;this.message=b||&amp;quot;&amp;quot;;a=this.a.replace(/((?:^|\s+)[a-z])/g,function(c){return c.toUpperCase().replace(/^[\s\xa0]+/g,&amp;quot;&amp;quot;)});b=a.length-5;if(0&amp;gt;b||a.indexOf(&amp;quot;Error&amp;quot;,b)!=b)a+=&amp;quot;Error&amp;quot;;this.name=a;a=Error(this.message);a.name=this.name;this.stack=a.stack||&amp;quot;&amp;quot;}k(P,Error);var Cc=&amp;quot;unknown error&amp;quot;,Q={15:&amp;quot;element not selectable&amp;quot;,11:&amp;quot;element not visible&amp;quot;};Q[31]=Cc;Q[30]=Cc;Q[24]=&amp;quot;invalid cookie domain&amp;quot;;Q[29]=&amp;quot;invalid element coordinates&amp;quot;;Q[12]=&amp;quot;invalid element state&amp;quot;;
Q[32]=&amp;quot;invalid selector&amp;quot;;Q[51]=&amp;quot;invalid selector&amp;quot;;Q[52]=&amp;quot;invalid selector&amp;quot;;Q[17]=&amp;quot;javascript error&amp;quot;;Q[405]=&amp;quot;unsupported operation&amp;quot;;Q[34]=&amp;quot;move target out of bounds&amp;quot;;Q[27]=&amp;quot;no such alert&amp;quot;;Q[7]=&amp;quot;no such element&amp;quot;;Q[8]=&amp;quot;no such frame&amp;quot;;Q[23]=&amp;quot;no such window&amp;quot;;Q[28]=&amp;quot;script timeout&amp;quot;;Q[33]=&amp;quot;session not created&amp;quot;;Q[10]=&amp;quot;stale element reference&amp;quot;;Q[21]=&amp;quot;timeout&amp;quot;;Q[25]=&amp;quot;unable to set cookie&amp;quot;;Q[26]=&amp;quot;unexpected alert open&amp;quot;;Q[13]=Cc;Q[9]=&amp;quot;unknown command&amp;quot;;var Dc={C:function(a){return!(!a.querySelectorAll||!a.querySelector)},o:function(a,b){if(!a)throw new P(32,&amp;quot;No class name specified&amp;quot;);a=Aa(a);if(-1!==a.indexOf(&amp;quot; &amp;quot;))throw new P(32,&amp;quot;Compound class names not permitted&amp;quot;);if(Dc.C(b))try{return b.querySelector(&amp;quot;.&amp;quot;+a.replace(/\./g,&amp;quot;\\.&amp;quot;))||null}catch(c){throw new P(32,&amp;quot;An invalid or illegal class name was specified&amp;quot;);}a=mb(eb(b),&amp;quot;*&amp;quot;,a,b);return a.length?a[0]:null},j:function(a,b){if(!a)throw new P(32,&amp;quot;No class name specified&amp;quot;);a=Aa(a);if(-1!==a.indexOf(&amp;quot; &amp;quot;))throw new P(32,
&amp;quot;Compound class names not permitted&amp;quot;);if(Dc.C(b))try{return b.querySelectorAll(&amp;quot;.&amp;quot;+a.replace(/\./g,&amp;quot;\\.&amp;quot;))}catch(c){throw new P(32,&amp;quot;An invalid or illegal class name was specified&amp;quot;);}return mb(eb(b),&amp;quot;*&amp;quot;,a,b)}};var Ec=Fa(),Fc=Ia()||r(&amp;quot;iPod&amp;quot;),Gc=r(&amp;quot;iPad&amp;quot;),Hc=r(&amp;quot;Android&amp;quot;)&amp;amp;&amp;amp;!(Ga()||Fa()||r(&amp;quot;Opera&amp;quot;)||r(&amp;quot;Silk&amp;quot;)),Ic=Ga(),Jc=r(&amp;quot;Safari&amp;quot;)&amp;amp;&amp;amp;!(Ga()||r(&amp;quot;Coast&amp;quot;)||r(&amp;quot;Opera&amp;quot;)||r(&amp;quot;Edge&amp;quot;)||r(&amp;quot;Edg/&amp;quot;)||r(&amp;quot;OPR&amp;quot;)||Fa()||r(&amp;quot;Silk&amp;quot;)||r(&amp;quot;Android&amp;quot;))&amp;amp;&amp;amp;!(Ia()||r(&amp;quot;iPad&amp;quot;)||r(&amp;quot;iPod&amp;quot;));function Kc(a){return(a=a.exec(q))?a[1]:&amp;quot;&amp;quot;}(function(){if(Ec)return Kc(/Firefox\/([0-9.]+)/);if(t||Ma||La)return Qa;if(Ic)return Ia()||r(&amp;quot;iPad&amp;quot;)||r(&amp;quot;iPod&amp;quot;)?Kc(/CriOS\/([0-9.]+)/):Kc(/Chrome\/([0-9.]+)/);if(Jc&amp;amp;&amp;amp;!(Ia()||r(&amp;quot;iPad&amp;quot;)||r(&amp;quot;iPod&amp;quot;)))return Kc(/Version\/([0-9.]+)/);if(Fc||Gc){var a=/Version\/(\S+).*Mobile\/(\S+)/.exec(q);if(a)return a[1]+&amp;quot;.&amp;quot;+a[2]}else if(Hc)return(a=Kc(/Android\s+([0-9.]+)/))?a:Kc(/Version\/([0-9.]+)/);return&amp;quot;&amp;quot;})();var Lc=t&amp;amp;&amp;amp;!(8&amp;lt;=Number(w)),Mc=t&amp;amp;&amp;amp;!(9&amp;lt;=Number(w));var Nc={o:function(a,b){if(!ea(b.querySelector)&amp;amp;&amp;amp;t&amp;amp;&amp;amp;(t?0&amp;lt;=Ba(w,8):Ua(8))&amp;amp;&amp;amp;!ha(b.querySelector))throw Error(&amp;quot;CSS selection is not supported&amp;quot;);if(!a)throw new P(32,&amp;quot;No selector specified&amp;quot;);a=Aa(a);try{var c=b.querySelector(a)}catch(d){throw new P(32,&amp;quot;An invalid or illegal selector was specified&amp;quot;);}return c&amp;amp;&amp;amp;1==c.nodeType?c:null},j:function(a,b){if(!ea(b.querySelectorAll)&amp;amp;&amp;amp;t&amp;amp;&amp;amp;(t?0&amp;lt;=Ba(w,8):Ua(8))&amp;amp;&amp;amp;!ha(b.querySelector))throw Error(&amp;quot;CSS selection is not supported&amp;quot;);if(!a)throw new P(32,&amp;quot;No selector specified&amp;quot;);
a=Aa(a);try{return b.querySelectorAll(a)}catch(c){throw new P(32,&amp;quot;An invalid or illegal selector was specified&amp;quot;);}}};var Oc={aliceblue:&amp;quot;#f0f8ff&amp;quot;,antiquewhite:&amp;quot;#faebd7&amp;quot;,aqua:&amp;quot;#00ffff&amp;quot;,aquamarine:&amp;quot;#7fffd4&amp;quot;,azure:&amp;quot;#f0ffff&amp;quot;,beige:&amp;quot;#f5f5dc&amp;quot;,bisque:&amp;quot;#ffe4c4&amp;quot;,black:&amp;quot;#000000&amp;quot;,blanchedalmond:&amp;quot;#ffebcd&amp;quot;,blue:&amp;quot;#0000ff&amp;quot;,blueviolet:&amp;quot;#8a2be2&amp;quot;,brown:&amp;quot;#a52a2a&amp;quot;,burlywood:&amp;quot;#deb887&amp;quot;,cadetblue:&amp;quot;#5f9ea0&amp;quot;,chartreuse:&amp;quot;#7fff00&amp;quot;,chocolate:&amp;quot;#d2691e&amp;quot;,coral:&amp;quot;#ff7f50&amp;quot;,cornflowerblue:&amp;quot;#6495ed&amp;quot;,cornsilk:&amp;quot;#fff8dc&amp;quot;,crimson:&amp;quot;#dc143c&amp;quot;,cyan:&amp;quot;#00ffff&amp;quot;,darkblue:&amp;quot;#00008b&amp;quot;,darkcyan:&amp;quot;#008b8b&amp;quot;,darkgoldenrod:&amp;quot;#b8860b&amp;quot;,darkgray:&amp;quot;#a9a9a9&amp;quot;,darkgreen:&amp;quot;#006400&amp;quot;,
darkgrey:&amp;quot;#a9a9a9&amp;quot;,darkkhaki:&amp;quot;#bdb76b&amp;quot;,darkmagenta:&amp;quot;#8b008b&amp;quot;,darkolivegreen:&amp;quot;#556b2f&amp;quot;,darkorange:&amp;quot;#ff8c00&amp;quot;,darkorchid:&amp;quot;#9932cc&amp;quot;,darkred:&amp;quot;#8b0000&amp;quot;,darksalmon:&amp;quot;#e9967a&amp;quot;,darkseagreen:&amp;quot;#8fbc8f&amp;quot;,darkslateblue:&amp;quot;#483d8b&amp;quot;,darkslategray:&amp;quot;#2f4f4f&amp;quot;,darkslategrey:&amp;quot;#2f4f4f&amp;quot;,darkturquoise:&amp;quot;#00ced1&amp;quot;,darkviolet:&amp;quot;#9400d3&amp;quot;,deeppink:&amp;quot;#ff1493&amp;quot;,deepskyblue:&amp;quot;#00bfff&amp;quot;,dimgray:&amp;quot;#696969&amp;quot;,dimgrey:&amp;quot;#696969&amp;quot;,dodgerblue:&amp;quot;#1e90ff&amp;quot;,firebrick:&amp;quot;#b22222&amp;quot;,floralwhite:&amp;quot;#fffaf0&amp;quot;,forestgreen:&amp;quot;#228b22&amp;quot;,fuchsia:&amp;quot;#ff00ff&amp;quot;,gainsboro:&amp;quot;#dcdcdc&amp;quot;,
ghostwhite:&amp;quot;#f8f8ff&amp;quot;,gold:&amp;quot;#ffd700&amp;quot;,goldenrod:&amp;quot;#daa520&amp;quot;,gray:&amp;quot;#808080&amp;quot;,green:&amp;quot;#008000&amp;quot;,greenyellow:&amp;quot;#adff2f&amp;quot;,grey:&amp;quot;#808080&amp;quot;,honeydew:&amp;quot;#f0fff0&amp;quot;,hotpink:&amp;quot;#ff69b4&amp;quot;,indianred:&amp;quot;#cd5c5c&amp;quot;,indigo:&amp;quot;#4b0082&amp;quot;,ivory:&amp;quot;#fffff0&amp;quot;,khaki:&amp;quot;#f0e68c&amp;quot;,lavender:&amp;quot;#e6e6fa&amp;quot;,lavenderblush:&amp;quot;#fff0f5&amp;quot;,lawngreen:&amp;quot;#7cfc00&amp;quot;,lemonchiffon:&amp;quot;#fffacd&amp;quot;,lightblue:&amp;quot;#add8e6&amp;quot;,lightcoral:&amp;quot;#f08080&amp;quot;,lightcyan:&amp;quot;#e0ffff&amp;quot;,lightgoldenrodyellow:&amp;quot;#fafad2&amp;quot;,lightgray:&amp;quot;#d3d3d3&amp;quot;,lightgreen:&amp;quot;#90ee90&amp;quot;,lightgrey:&amp;quot;#d3d3d3&amp;quot;,lightpink:&amp;quot;#ffb6c1&amp;quot;,lightsalmon:&amp;quot;#ffa07a&amp;quot;,
lightseagreen:&amp;quot;#20b2aa&amp;quot;,lightskyblue:&amp;quot;#87cefa&amp;quot;,lightslategray:&amp;quot;#778899&amp;quot;,lightslategrey:&amp;quot;#778899&amp;quot;,lightsteelblue:&amp;quot;#b0c4de&amp;quot;,lightyellow:&amp;quot;#ffffe0&amp;quot;,lime:&amp;quot;#00ff00&amp;quot;,limegreen:&amp;quot;#32cd32&amp;quot;,linen:&amp;quot;#faf0e6&amp;quot;,magenta:&amp;quot;#ff00ff&amp;quot;,maroon:&amp;quot;#800000&amp;quot;,mediumaquamarine:&amp;quot;#66cdaa&amp;quot;,mediumblue:&amp;quot;#0000cd&amp;quot;,mediumorchid:&amp;quot;#ba55d3&amp;quot;,mediumpurple:&amp;quot;#9370db&amp;quot;,mediumseagreen:&amp;quot;#3cb371&amp;quot;,mediumslateblue:&amp;quot;#7b68ee&amp;quot;,mediumspringgreen:&amp;quot;#00fa9a&amp;quot;,mediumturquoise:&amp;quot;#48d1cc&amp;quot;,mediumvioletred:&amp;quot;#c71585&amp;quot;,midnightblue:&amp;quot;#191970&amp;quot;,mintcream:&amp;quot;#f5fffa&amp;quot;,mistyrose:&amp;quot;#ffe4e1&amp;quot;,
moccasin:&amp;quot;#ffe4b5&amp;quot;,navajowhite:&amp;quot;#ffdead&amp;quot;,navy:&amp;quot;#000080&amp;quot;,oldlace:&amp;quot;#fdf5e6&amp;quot;,olive:&amp;quot;#808000&amp;quot;,olivedrab:&amp;quot;#6b8e23&amp;quot;,orange:&amp;quot;#ffa500&amp;quot;,orangered:&amp;quot;#ff4500&amp;quot;,orchid:&amp;quot;#da70d6&amp;quot;,palegoldenrod:&amp;quot;#eee8aa&amp;quot;,palegreen:&amp;quot;#98fb98&amp;quot;,paleturquoise:&amp;quot;#afeeee&amp;quot;,palevioletred:&amp;quot;#db7093&amp;quot;,papayawhip:&amp;quot;#ffefd5&amp;quot;,peachpuff:&amp;quot;#ffdab9&amp;quot;,peru:&amp;quot;#cd853f&amp;quot;,pink:&amp;quot;#ffc0cb&amp;quot;,plum:&amp;quot;#dda0dd&amp;quot;,powderblue:&amp;quot;#b0e0e6&amp;quot;,purple:&amp;quot;#800080&amp;quot;,red:&amp;quot;#ff0000&amp;quot;,rosybrown:&amp;quot;#bc8f8f&amp;quot;,royalblue:&amp;quot;#4169e1&amp;quot;,saddlebrown:&amp;quot;#8b4513&amp;quot;,salmon:&amp;quot;#fa8072&amp;quot;,sandybrown:&amp;quot;#f4a460&amp;quot;,seagreen:&amp;quot;#2e8b57&amp;quot;,
seashell:&amp;quot;#fff5ee&amp;quot;,sienna:&amp;quot;#a0522d&amp;quot;,silver:&amp;quot;#c0c0c0&amp;quot;,skyblue:&amp;quot;#87ceeb&amp;quot;,slateblue:&amp;quot;#6a5acd&amp;quot;,slategray:&amp;quot;#708090&amp;quot;,slategrey:&amp;quot;#708090&amp;quot;,snow:&amp;quot;#fffafa&amp;quot;,springgreen:&amp;quot;#00ff7f&amp;quot;,steelblue:&amp;quot;#4682b4&amp;quot;,tan:&amp;quot;#d2b48c&amp;quot;,teal:&amp;quot;#008080&amp;quot;,thistle:&amp;quot;#d8bfd8&amp;quot;,tomato:&amp;quot;#ff6347&amp;quot;,turquoise:&amp;quot;#40e0d0&amp;quot;,violet:&amp;quot;#ee82ee&amp;quot;,wheat:&amp;quot;#f5deb3&amp;quot;,white:&amp;quot;#ffffff&amp;quot;,whitesmoke:&amp;quot;#f5f5f5&amp;quot;,yellow:&amp;quot;#ffff00&amp;quot;,yellowgreen:&amp;quot;#9acd32&amp;quot;};var Pc=&amp;quot;backgroundColor borderTopColor borderRightColor borderBottomColor borderLeftColor color outlineColor&amp;quot;.split(&amp;quot; &amp;quot;),Qc=/#([0-9a-fA-F])([0-9a-fA-F])([0-9a-fA-F])/,Rc=/^#(?:[0-9a-f]{3}){1,2}$/i,Sc=/^(?:rgba)?\((\d{1,3}),\s?(\d{1,3}),\s?(\d{1,3}),\s?(0|1|0\.\d*)\)$/i,Tc=/^(?:rgb)?\((0|[1-9]\d{0,2}),\s?(0|[1-9]\d{0,2}),\s?(0|[1-9]\d{0,2})\)$/i;function Uc(a,b){b=b.toLowerCase();return&amp;quot;style&amp;quot;==b?Vc(a.style.cssText):Lc&amp;amp;&amp;amp;&amp;quot;value&amp;quot;==b&amp;amp;&amp;amp;S(a,&amp;quot;INPUT&amp;quot;)?a.value:Mc&amp;amp;&amp;amp;!0===a[b]?String(a.getAttribute(b)):(a=a.getAttributeNode(b))&amp;amp;&amp;amp;a.specified?a.value:null}var Wc=/[;]+(?=(?:(?:[^&amp;quot;]*&amp;quot;){2})*[^&amp;quot;]*$)(?=(?:(?:[^&amp;apos;]*&amp;apos;){2})*[^&amp;apos;]*$)(?=(?:[^()]*\([^()]*\))*[^()]*$)/;
function Vc(a){var b=[];l(a.split(Wc),function(c){var d=c.indexOf(&amp;quot;:&amp;quot;);0&amp;lt;d&amp;amp;&amp;amp;(c=[c.slice(0,d),c.slice(d+1)],2==c.length&amp;amp;&amp;amp;b.push(c[0].toLowerCase(),&amp;quot;:&amp;quot;,c[1],&amp;quot;;&amp;quot;))});b=b.join(&amp;quot;&amp;quot;);return b=&amp;quot;;&amp;quot;==b.charAt(b.length-1)?b:b+&amp;quot;;&amp;quot;}function S(a,b){b&amp;amp;&amp;amp;&amp;quot;string&amp;quot;!==typeof b&amp;amp;&amp;amp;(b=b.toString());return!!a&amp;amp;&amp;amp;1==a.nodeType&amp;amp;&amp;amp;(!b||a.tagName.toUpperCase()==b)};var T={};T.I=function(){var a={da:&amp;quot;http://www.w3.org/2000/svg&amp;quot;};return function(b){return a[b]||null}}();
T.s=function(a,b,c){var d=A(a);if(!d.documentElement)return null;(t||Hc)&amp;amp;&amp;amp;Ac(d?d.parentWindow||d.defaultView:window);try{var e=d.createNSResolver?d.createNSResolver(d.documentElement):T.I;if(t&amp;amp;&amp;amp;!Ua(7))return d.evaluate.call(d,b,a,e,c,null);if(!t||9&amp;lt;=Number(w)){for(var f={},g=d.getElementsByTagName(&amp;quot;*&amp;quot;),h=0;h&amp;lt;g.length;++h){var n=g[h],u=n.namespaceURI;if(u&amp;amp;&amp;amp;!f[u]){var p=n.lookupPrefix(u);if(!p){var G=u.match(&amp;quot;.*/(\\w+)/?$&amp;quot;);p=G?G[1]:&amp;quot;xhtml&amp;quot;}f[u]=p}}var R={},fa;for(fa in f)R[f[fa]]=fa;e=function(m){return R[m]||
null}}try{return d.evaluate(b,a,e,c,null)}catch(m){if(&amp;quot;TypeError&amp;quot;===m.name)return e=d.createNSResolver?d.createNSResolver(d.documentElement):T.I,d.evaluate(b,a,e,c,null);throw m;}}catch(m){if(!Na||&amp;quot;NS_ERROR_ILLEGAL_VALUE&amp;quot;!=m.name)throw new P(32,&amp;quot;Unable to locate an element with the xpath expression &amp;quot;+b+&amp;quot; because of the following error:\n&amp;quot;+m);}};T.J=function(a,b){if(!a||1!=a.nodeType)throw new P(32,&amp;apos;The result of the xpath expression &amp;quot;&amp;apos;+b+&amp;apos;&amp;quot; is: &amp;apos;+a+&amp;quot;. It should be an element.&amp;quot;);};
T.o=function(a,b){var c=function(){var d=T.s(b,a,9);return d?d.singleNodeValue||null:b.selectSingleNode?(d=A(b),d.setProperty&amp;amp;&amp;amp;d.setProperty(&amp;quot;SelectionLanguage&amp;quot;,&amp;quot;XPath&amp;quot;),b.selectSingleNode(a)):null}();null===c||T.J(c,a);return c};
T.j=function(a,b){var c=function(){var d=T.s(b,a,7);if(d){for(var e=d.snapshotLength,f=[],g=0;g&amp;lt;e;++g)f.push(d.snapshotItem(g));return f}return b.selectNodes?(d=A(b),d.setProperty&amp;amp;&amp;amp;d.setProperty(&amp;quot;SelectionLanguage&amp;quot;,&amp;quot;XPath&amp;quot;),b.selectNodes(a)):[]}();l(c,function(d){T.J(d,a)});return c};function Xc(a,b,c,d){this.c=a;this.a=b;this.b=c;this.f=d}Xc.prototype.ceil=function(){this.c=Math.ceil(this.c);this.a=Math.ceil(this.a);this.b=Math.ceil(this.b);this.f=Math.ceil(this.f);return this};Xc.prototype.floor=function(){this.c=Math.floor(this.c);this.a=Math.floor(this.a);this.b=Math.floor(this.b);this.f=Math.floor(this.f);return this};Xc.prototype.round=function(){this.c=Math.round(this.c);this.a=Math.round(this.a);this.b=Math.round(this.b);this.f=Math.round(this.f);return this};function U(a,b,c,d){this.a=a;this.b=b;this.width=c;this.height=d}U.prototype.ceil=function(){this.a=Math.ceil(this.a);this.b=Math.ceil(this.b);this.width=Math.ceil(this.width);this.height=Math.ceil(this.height);return this};U.prototype.floor=function(){this.a=Math.floor(this.a);this.b=Math.floor(this.b);this.width=Math.floor(this.width);this.height=Math.floor(this.height);return this};
U.prototype.round=function(){this.a=Math.round(this.a);this.b=Math.round(this.b);this.width=Math.round(this.width);this.height=Math.round(this.height);return this};var Yc=&amp;quot;function&amp;quot;===typeof ShadowRoot;function Zc(a){for(a=a.parentNode;a&amp;amp;&amp;amp;1!=a.nodeType&amp;amp;&amp;amp;9!=a.nodeType&amp;amp;&amp;amp;11!=a.nodeType;)a=a.parentNode;return S(a)?a:null}
function V(a,b){b=Ha(b);if(&amp;quot;float&amp;quot;==b||&amp;quot;cssFloat&amp;quot;==b||&amp;quot;styleFloat&amp;quot;==b)b=Mc?&amp;quot;styleFloat&amp;quot;:&amp;quot;cssFloat&amp;quot;;a:{var c=b;var d=A(a);if(d.defaultView&amp;amp;&amp;amp;d.defaultView.getComputedStyle&amp;amp;&amp;amp;(d=d.defaultView.getComputedStyle(a,null))){c=d[c]||d.getPropertyValue(c)||&amp;quot;&amp;quot;;break a}c=&amp;quot;&amp;quot;}a=c||$c(a,b);if(null===a)a=null;else if(0&amp;lt;=oa(Pc,b)){b:{var e=a.match(Sc);if(e&amp;amp;&amp;amp;(b=Number(e[1]),c=Number(e[2]),d=Number(e[3]),e=Number(e[4]),0&amp;lt;=b&amp;amp;&amp;amp;255&amp;gt;=b&amp;amp;&amp;amp;0&amp;lt;=c&amp;amp;&amp;amp;255&amp;gt;=c&amp;amp;&amp;amp;0&amp;lt;=d&amp;amp;&amp;amp;255&amp;gt;=d&amp;amp;&amp;amp;0&amp;lt;=e&amp;amp;&amp;amp;1&amp;gt;=e)){b=[b,c,d,e];break b}b=null}if(!b)b:{if(d=a.match(Tc))if(b=
Number(d[1]),c=Number(d[2]),d=Number(d[3]),0&amp;lt;=b&amp;amp;&amp;amp;255&amp;gt;=b&amp;amp;&amp;amp;0&amp;lt;=c&amp;amp;&amp;amp;255&amp;gt;=c&amp;amp;&amp;amp;0&amp;lt;=d&amp;amp;&amp;amp;255&amp;gt;=d){b=[b,c,d,1];break b}b=null}if(!b)b:{b=a.toLowerCase();c=Oc[b.toLowerCase()];if(!c&amp;amp;&amp;amp;(c=&amp;quot;#&amp;quot;==b.charAt(0)?b:&amp;quot;#&amp;quot;+b,4==c.length&amp;amp;&amp;amp;(c=c.replace(Qc,&amp;quot;#$1$1$2$2$3$3&amp;quot;)),!Rc.test(c))){b=null;break b}b=[parseInt(c.substr(1,2),16),parseInt(c.substr(3,2),16),parseInt(c.substr(5,2),16),1]}a=b?&amp;quot;rgba(&amp;quot;+b.join(&amp;quot;, &amp;quot;)+&amp;quot;)&amp;quot;:a}return a}
function $c(a,b){var c=a.currentStyle||a.style,d=c[b];void 0===d&amp;amp;&amp;amp;ea(c.getPropertyValue)&amp;amp;&amp;amp;(d=c.getPropertyValue(b));return&amp;quot;inherit&amp;quot;!=d?void 0!==d?d:null:(a=Zc(a))?$c(a,b):null}
function ad(a,b,c){function d(g){var h=W(g);return 0&amp;lt;h.height&amp;amp;&amp;amp;0&amp;lt;h.width?!0:S(g,&amp;quot;PATH&amp;quot;)&amp;amp;&amp;amp;(0&amp;lt;h.height||0&amp;lt;h.width)?(g=V(g,&amp;quot;stroke-width&amp;quot;),!!g&amp;amp;&amp;amp;0&amp;lt;parseInt(g,10)):&amp;quot;hidden&amp;quot;!=V(g,&amp;quot;overflow&amp;quot;)&amp;amp;&amp;amp;sa(g.childNodes,function(n){return 3==n.nodeType||S(n)&amp;amp;&amp;amp;d(n)})}function e(g){return bd(g)==X&amp;amp;&amp;amp;ta(g.childNodes,function(h){return!S(h)||e(h)||!d(h)})}if(!S(a))throw Error(&amp;quot;Argument to isShown must be of type Element&amp;quot;);if(S(a,&amp;quot;BODY&amp;quot;))return!0;if(S(a,&amp;quot;OPTION&amp;quot;)||S(a,&amp;quot;OPTGROUP&amp;quot;))return a=lb(a,function(g){return S(g,&amp;quot;SELECT&amp;quot;)}),
!!a&amp;amp;&amp;amp;ad(a,!0,c);var f=cd(a);if(f)return!!f.image&amp;amp;&amp;amp;0&amp;lt;f.rect.width&amp;amp;&amp;amp;0&amp;lt;f.rect.height&amp;amp;&amp;amp;ad(f.image,b,c);if(S(a,&amp;quot;INPUT&amp;quot;)&amp;amp;&amp;amp;&amp;quot;hidden&amp;quot;==a.type.toLowerCase()||S(a,&amp;quot;NOSCRIPT&amp;quot;))return!1;f=V(a,&amp;quot;visibility&amp;quot;);return&amp;quot;collapse&amp;quot;!=f&amp;amp;&amp;amp;&amp;quot;hidden&amp;quot;!=f&amp;amp;&amp;amp;c(a)&amp;amp;&amp;amp;(b||0!=dd(a))&amp;amp;&amp;amp;d(a)?!e(a):!1}
function ed(a){function b(c){if(S(c)&amp;amp;&amp;amp;&amp;quot;none&amp;quot;==V(c,&amp;quot;display&amp;quot;))return!1;var d;if((d=c.parentNode)&amp;amp;&amp;amp;d.shadowRoot&amp;amp;&amp;amp;void 0!==c.assignedSlot)d=c.assignedSlot?c.assignedSlot.parentNode:null;else if(c.getDestinationInsertionPoints){var e=c.getDestinationInsertionPoints();0&amp;lt;e.length&amp;amp;&amp;amp;(d=e[e.length-1])}if(Yc&amp;amp;&amp;amp;d instanceof ShadowRoot){if(d.host.shadowRoot!==d)return!1;d=d.host}return!d||9!=d.nodeType&amp;amp;&amp;amp;11!=d.nodeType?d&amp;amp;&amp;amp;S(d,&amp;quot;DETAILS&amp;quot;)&amp;amp;&amp;amp;!d.open&amp;amp;&amp;amp;!S(c,&amp;quot;SUMMARY&amp;quot;)?!1:!!d&amp;amp;&amp;amp;b(d):!0}return ad(a,!1,b)}var X=&amp;quot;hidden&amp;quot;;
function bd(a){function b(m){function v(Ab){if(Ab==g)return!0;var pc=V(Ab,&amp;quot;display&amp;quot;);return 0==pc.lastIndexOf(&amp;quot;inline&amp;quot;,0)||&amp;quot;contents&amp;quot;==pc||&amp;quot;absolute&amp;quot;==qc&amp;amp;&amp;amp;&amp;quot;static&amp;quot;==V(Ab,&amp;quot;position&amp;quot;)?!1:!0}var qc=V(m,&amp;quot;position&amp;quot;);if(&amp;quot;fixed&amp;quot;==qc)return u=!0,m==g?null:g;for(m=Zc(m);m&amp;amp;&amp;amp;!v(m);)m=Zc(m);return m}function c(m){var v=m;if(&amp;quot;visible&amp;quot;==n)if(m==g&amp;amp;&amp;amp;h)v=h;else if(m==h)return{x:&amp;quot;visible&amp;quot;,y:&amp;quot;visible&amp;quot;};v={x:V(v,&amp;quot;overflow-x&amp;quot;),y:V(v,&amp;quot;overflow-y&amp;quot;)};m==g&amp;amp;&amp;amp;(v.x=&amp;quot;visible&amp;quot;==v.x?&amp;quot;auto&amp;quot;:v.x,v.y=&amp;quot;visible&amp;quot;==v.y?&amp;quot;auto&amp;quot;:v.y);return v}
function d(m){if(m==g){var v=(new fb(f)).a;m=v.scrollingElement?v.scrollingElement:Oa||&amp;quot;CSS1Compat&amp;quot;!=v.compatMode?v.body||v.documentElement:v.documentElement;v=v.parentWindow||v.defaultView;m=t&amp;amp;&amp;amp;Ua(&amp;quot;10&amp;quot;)&amp;amp;&amp;amp;v.pageYOffset!=m.scrollTop?new cb(m.scrollLeft,m.scrollTop):new cb(v.pageXOffset||m.scrollLeft,v.pageYOffset||m.scrollTop)}else m=new cb(m.scrollLeft,m.scrollTop);return m}var e=fd(a),f=A(a),g=f.documentElement,h=f.body,n=V(g,&amp;quot;overflow&amp;quot;),u;for(a=b(a);a;a=b(a)){var p=c(a);if(&amp;quot;visible&amp;quot;!=p.x||&amp;quot;visible&amp;quot;!=
p.y){var G=W(a);if(0==G.width||0==G.height)return X;var R=e.a&amp;lt;G.a,fa=e.b&amp;lt;G.b;if(R&amp;amp;&amp;amp;&amp;quot;hidden&amp;quot;==p.x||fa&amp;amp;&amp;amp;&amp;quot;hidden&amp;quot;==p.y)return X;if(R&amp;amp;&amp;amp;&amp;quot;visible&amp;quot;!=p.x||fa&amp;amp;&amp;amp;&amp;quot;visible&amp;quot;!=p.y){R=d(a);fa=e.b&amp;lt;G.b-R.y;if(e.a&amp;lt;G.a-R.x&amp;amp;&amp;amp;&amp;quot;visible&amp;quot;!=p.x||fa&amp;amp;&amp;amp;&amp;quot;visible&amp;quot;!=p.x)return X;e=bd(a);return e==X?X:&amp;quot;scroll&amp;quot;}R=e.f&amp;gt;=G.a+G.width;G=e.c&amp;gt;=G.b+G.height;if(R&amp;amp;&amp;amp;&amp;quot;hidden&amp;quot;==p.x||G&amp;amp;&amp;amp;&amp;quot;hidden&amp;quot;==p.y)return X;if(R&amp;amp;&amp;amp;&amp;quot;visible&amp;quot;!=p.x||G&amp;amp;&amp;amp;&amp;quot;visible&amp;quot;!=p.y){if(u&amp;amp;&amp;amp;(p=d(a),e.f&amp;gt;=g.scrollWidth-p.x||e.a&amp;gt;=g.scrollHeight-p.y))return X;e=bd(a);return e==X?X:
&amp;quot;scroll&amp;quot;}}}return&amp;quot;none&amp;quot;}
function W(a){var b=cd(a);if(b)return b.rect;if(S(a,&amp;quot;HTML&amp;quot;))return a=A(a),a=((a?a.parentWindow||a.defaultView:window)||window).document,a=&amp;quot;CSS1Compat&amp;quot;==a.compatMode?a.documentElement:a.body,a=new db(a.clientWidth,a.clientHeight),new U(0,0,a.width,a.height);try{var c=a.getBoundingClientRect()}catch(d){return new U(0,0,0,0)}b=new U(c.left,c.top,c.right-c.left,c.bottom-c.top);t&amp;amp;&amp;amp;a.ownerDocument.body&amp;amp;&amp;amp;(a=A(a),b.a-=a.documentElement.clientLeft+a.body.clientLeft,b.b-=a.documentElement.clientTop+a.body.clientTop);
return b}function cd(a){var b=S(a,&amp;quot;MAP&amp;quot;);if(!b&amp;amp;&amp;amp;!S(a,&amp;quot;AREA&amp;quot;))return null;var c=b?a:S(a.parentNode,&amp;quot;MAP&amp;quot;)?a.parentNode:null,d=null,e=null;c&amp;amp;&amp;amp;c.name&amp;amp;&amp;amp;(d=T.o(&amp;apos;/descendant::*[@usemap = &amp;quot;#&amp;apos;+c.name+&amp;apos;&amp;quot;]&amp;apos;,A(c)))&amp;amp;&amp;amp;(e=W(d),b||&amp;quot;default&amp;quot;==a.shape.toLowerCase()||(a=gd(a),b=Math.min(Math.max(a.a,0),e.width),c=Math.min(Math.max(a.b,0),e.height),e=new U(b+e.a,c+e.b,Math.min(a.width,e.width-b),Math.min(a.height,e.height-c))));return{image:d,rect:e||new U(0,0,0,0)}}
function gd(a){var b=a.shape.toLowerCase();a=a.coords.split(&amp;quot;,&amp;quot;);if(&amp;quot;rect&amp;quot;==b&amp;amp;&amp;amp;4==a.length){b=a[0];var c=a[1];return new U(b,c,a[2]-b,a[3]-c)}if(&amp;quot;circle&amp;quot;==b&amp;amp;&amp;amp;3==a.length)return b=a[2],new U(a[0]-b,a[1]-b,2*b,2*b);if(&amp;quot;poly&amp;quot;==b&amp;amp;&amp;amp;2&amp;lt;a.length){b=a[0];c=a[1];for(var d=b,e=c,f=2;f+1&amp;lt;a.length;f+=2)b=Math.min(b,a[f]),d=Math.max(d,a[f]),c=Math.min(c,a[f+1]),e=Math.max(e,a[f+1]);return new U(b,c,d-b,e-c)}return new U(0,0,0,0)}function fd(a){a=W(a);return new Xc(a.b,a.a+a.width,a.b+a.height,a.a)}
function hd(a){return a.replace(/^[^\S\xa0]+|[^\S\xa0]+$/g,&amp;quot;&amp;quot;)}function id(a){var b=[];Yc?jd(a,b):kd(a,b);a=qa(b,hd);return hd(a.join(&amp;quot;\n&amp;quot;)).replace(/\xa0/g,&amp;quot; &amp;quot;)}
function ld(a,b,c){if(S(a,&amp;quot;BR&amp;quot;))b.push(&amp;quot;&amp;quot;);else{var d=S(a,&amp;quot;TD&amp;quot;),e=V(a,&amp;quot;display&amp;quot;),f=!d&amp;amp;&amp;amp;!(0&amp;lt;=oa(md,e)),g=void 0!==a.previousElementSibling?a.previousElementSibling:gb(a.previousSibling);g=g?V(g,&amp;quot;display&amp;quot;):&amp;quot;&amp;quot;;var h=V(a,&amp;quot;float&amp;quot;)||V(a,&amp;quot;cssFloat&amp;quot;)||V(a,&amp;quot;styleFloat&amp;quot;);!f||&amp;quot;run-in&amp;quot;==g&amp;amp;&amp;amp;&amp;quot;none&amp;quot;==h||/^[\s\xa0]*$/.test(b[b.length-1]||&amp;quot;&amp;quot;)||b.push(&amp;quot;&amp;quot;);var n=ed(a),u=null,p=null;n&amp;amp;&amp;amp;(u=V(a,&amp;quot;white-space&amp;quot;),p=V(a,&amp;quot;text-transform&amp;quot;));l(a.childNodes,function(G){c(G,b,n,u,p)});a=b[b.length-1]||&amp;quot;&amp;quot;;!d&amp;amp;&amp;amp;&amp;quot;table-cell&amp;quot;!=e||!a||
za(a)||(b[b.length-1]+=&amp;quot; &amp;quot;);f&amp;amp;&amp;amp;&amp;quot;run-in&amp;quot;!=e&amp;amp;&amp;amp;!/^[\s\xa0]*$/.test(a)&amp;amp;&amp;amp;b.push(&amp;quot;&amp;quot;)}}function kd(a,b){ld(a,b,function(c,d,e,f,g){3==c.nodeType&amp;amp;&amp;amp;e?nd(c,d,f,g):S(c)&amp;amp;&amp;amp;kd(c,d)})}var md=&amp;quot;inline inline-block inline-table none table-cell table-column table-column-group&amp;quot;.split(&amp;quot; &amp;quot;);
function nd(a,b,c,d){a=a.nodeValue.replace(/[\u200b\u200e\u200f]/g,&amp;quot;&amp;quot;);a=a.replace(/(\r\n|\r|\n)/g,&amp;quot;\n&amp;quot;);if(&amp;quot;normal&amp;quot;==c||&amp;quot;nowrap&amp;quot;==c)a=a.replace(/\n/g,&amp;quot; &amp;quot;);a=&amp;quot;pre&amp;quot;==c||&amp;quot;pre-wrap&amp;quot;==c?a.replace(/[ \f\t\v\u2028\u2029]/g,&amp;quot;\u00a0&amp;quot;):a.replace(/[ \f\t\v\u2028\u2029]+/g,&amp;quot; &amp;quot;);&amp;quot;capitalize&amp;quot;==d?a=a.replace(t?/(^|\s|\b)(\S)/g:/(^|[^\d\p{L}\p{S}])([\p{Ll}|\p{S}])/gu,function(e,f,g){return f+g.toUpperCase()}):&amp;quot;uppercase&amp;quot;==d?a=a.toUpperCase():&amp;quot;lowercase&amp;quot;==d&amp;amp;&amp;amp;(a=a.toLowerCase());c=b.pop()||&amp;quot;&amp;quot;;za(c)&amp;amp;&amp;amp;0==a.lastIndexOf(&amp;quot; &amp;quot;,
0)&amp;amp;&amp;amp;(a=a.substr(1));b.push(c+a)}function dd(a){if(Mc){if(&amp;quot;relative&amp;quot;==V(a,&amp;quot;position&amp;quot;))return 1;a=V(a,&amp;quot;filter&amp;quot;);return(a=a.match(/^alpha\(opacity=(\d*)\)/)||a.match(/^progid:DXImageTransform.Microsoft.Alpha\(Opacity=(\d*)\)/))?Number(a[1])/100:1}return od(a)}function od(a){var b=1,c=V(a,&amp;quot;opacity&amp;quot;);c&amp;amp;&amp;amp;(b=Number(c));(a=Zc(a))&amp;amp;&amp;amp;(b*=od(a));return b}
function pd(a,b,c,d,e){if(3==a.nodeType&amp;amp;&amp;amp;c)nd(a,b,d,e);else if(S(a))if(S(a,&amp;quot;CONTENT&amp;quot;)||S(a,&amp;quot;SLOT&amp;quot;)){for(var f=a;f.parentNode;)f=f.parentNode;f instanceof ShadowRoot?(a=S(a,&amp;quot;CONTENT&amp;quot;)?a.getDistributedNodes():a.assignedNodes(),l(a,function(g){pd(g,b,c,d,e)})):jd(a,b)}else if(S(a,&amp;quot;SHADOW&amp;quot;)){for(f=a;f.parentNode;)f=f.parentNode;if(f instanceof ShadowRoot&amp;amp;&amp;amp;(a=f))for(a=a.olderShadowRoot;a;)l(a.childNodes,function(g){pd(g,b,c,d,e)}),a=a.olderShadowRoot}else jd(a,b)}
function jd(a,b){a.shadowRoot&amp;amp;&amp;amp;l(a.shadowRoot.childNodes,function(c){pd(c,b,!0,null,null)});ld(a,b,function(c,d,e,f,g){var h=null;1==c.nodeType?h=c:3==c.nodeType&amp;amp;&amp;amp;(h=c);null!=h&amp;amp;&amp;amp;(null!=h.assignedSlot||h.getDestinationInsertionPoints&amp;amp;&amp;amp;0&amp;lt;h.getDestinationInsertionPoints().length)||pd(c,d,e,f,g)})};var qd={C:function(a,b){return!(!a.querySelectorAll||!a.querySelector)&amp;amp;&amp;amp;!/^\d.*/.test(b)},o:function(a,b){var c=eb(b),d=&amp;quot;string&amp;quot;===typeof a?c.a.getElementById(a):a;return d?Uc(d,&amp;quot;id&amp;quot;)==a&amp;amp;&amp;amp;b!=d&amp;amp;&amp;amp;hb(b,d)?d:ua(mb(c,&amp;quot;*&amp;quot;),function(e){return Uc(e,&amp;quot;id&amp;quot;)==a&amp;amp;&amp;amp;b!=e&amp;amp;&amp;amp;hb(b,e)}):null},j:function(a,b){if(!a)return[];if(qd.C(b,a))try{return b.querySelectorAll(&amp;quot;#&amp;quot;+qd.T(a))}catch(c){return[]}b=mb(eb(b),&amp;quot;*&amp;quot;,null,b);return pa(b,function(c){return Uc(c,&amp;quot;id&amp;quot;)==a})},T:function(a){return a.replace(/([\s&amp;apos;&amp;quot;\\#.:;,!?+&amp;lt;&amp;gt;=~*^$|%&amp;amp;@`{}\-\/\[\]\(\)])/g,
&amp;quot;\\$1&amp;quot;)}};var Y={},rd={};Y.N=function(a,b,c){try{var d=Nc.j(&amp;quot;a&amp;quot;,b)}catch(e){d=mb(eb(b),&amp;quot;A&amp;quot;,null,b)}return ua(d,function(e){e=id(e);e=e.replace(/^[\s]+|[\s]+$/g,&amp;quot;&amp;quot;);return c&amp;amp;&amp;amp;-1!=e.indexOf(a)||e==a})};Y.K=function(a,b,c){try{var d=Nc.j(&amp;quot;a&amp;quot;,b)}catch(e){d=mb(eb(b),&amp;quot;A&amp;quot;,null,b)}return pa(d,function(e){e=id(e);e=e.replace(/^[\s]+|[\s]+$/g,&amp;quot;&amp;quot;);return c&amp;amp;&amp;amp;-1!=e.indexOf(a)||e==a})};Y.o=function(a,b){return Y.N(a,b,!1)};Y.j=function(a,b){return Y.K(a,b,!1)};rd.o=function(a,b){return Y.N(a,b,!0)};
rd.j=function(a,b){return Y.K(a,b,!0)};var Z={F:function(a,b){return function(c){var d=Z.u(a);d=W(d);c=W(c);return b.call(null,d,c)}},R:function(a){return Z.F(a,function(b,c){return c.b+c.height&amp;lt;b.b})},S:function(a){return Z.F(a,function(b,c){return b.b+b.height&amp;lt;c.b})},V:function(a){return Z.F(a,function(b,c){return c.a+c.width&amp;lt;b.a})},aa:function(a){return Z.F(a,function(b,c){return b.a+b.width&amp;lt;c.a})},W:function(a,b){var c;b?c=b:&amp;quot;number&amp;quot;==typeof a.distance&amp;amp;&amp;amp;(c=a.distance);c||(c=100);return function(d){var e=Z.u(a);if(e===d)return!1;e=
W(e);d=W(d);var f=Math.abs(e.a+e.width-d.a),g=Math.abs(e.b+e.height-d.b);g=Math.abs(e.b-(d.b+d.height))&amp;lt;=c||g&amp;lt;=c;return(Math.abs(e.a-(d.a+d.width))&amp;lt;=c||f&amp;lt;=c)&amp;amp;&amp;amp;g?!0:Math.sqrt(Math.pow(Math.abs(e.a+e.width/2-(d.a+d.width/2)),2)+Math.pow(Math.abs(e.b+e.height/2-(d.b+d.height/2)),2))&amp;lt;=c}},u:function(a){if(ha(a)&amp;amp;&amp;amp;1==a.nodeType)return a;if(ea(a))return Z.u(a.call(null));if(ha(a)){var b;a:{if(b=sd(a)){var c=td[b];if(c&amp;amp;&amp;amp;ea(c.o)){b=c.o(a[b],Bc.document);break a}}throw new P(61,&amp;quot;Unsupported locator strategy: &amp;quot;+
b);}if(!b)throw new P(7,&amp;quot;No element has been found by &amp;quot;+JSON.stringify(a));return b}throw new P(61,&amp;quot;Selector is of wrong type: &amp;quot;+JSON.stringify(a));}};Z.P={left:Z.V,right:Z.aa,above:Z.R,below:Z.S,near:Z.W};Z.O={left:Z.u,right:Z.u,above:Z.u,below:Z.u,near:Z.u};
Z.U=function(a,b){var c=[];l(a,function(e){e&amp;amp;&amp;amp;ta(b,function(f){var g=f.kind,h=Z.P[g];if(!h)throw new P(61,&amp;quot;Cannot find filter suitable for &amp;quot;+g);return h.apply(null,f.args)(e)},null)&amp;amp;&amp;amp;c.push(e)},null);a=b[b.length-1];var d=Z.O[a?a.kind:&amp;quot;unknown&amp;quot;];return d?(a=d.apply(null,a.args))?Z.ba(a,c):c:c};
Z.ba=function(a,b){function c(f){f=W(f);return Math.sqrt(Math.pow(d-(f.a+Math.max(1,f.width)/2),2)+Math.pow(e-(f.b+Math.max(1,f.height)/2),2))}a=W(a);var d=a.a+Math.max(1,a.width)/2,e=a.b+Math.max(1,a.height)/2;xa(b,function(f,g){return c(f)-c(g)});return b};Z.o=function(a,b){a=Z.j(a,b);return 0==a.length?null:a[0]};
Z.j=function(a,b){if(!a.hasOwnProperty(&amp;quot;root&amp;quot;)||!a.hasOwnProperty(&amp;quot;filters&amp;quot;))throw new P(61,&amp;quot;Locator not suitable for relative locators: &amp;quot;+JSON.stringify(a));var c=a.filters,d=da(c);if(&amp;quot;array&amp;quot;!=d&amp;amp;&amp;amp;(&amp;quot;object&amp;quot;!=d||&amp;quot;number&amp;quot;!=typeof c.length))throw new P(61,&amp;quot;Targets should be an array: &amp;quot;+JSON.stringify(a));var e;S(a.root)?e=[a.root]:e=ud(a.root,b);return 0==e.length?[]:Z.U(e,a.filters)};var vd={o:function(a,b){if(&amp;quot;&amp;quot;===a)throw new P(32,&amp;apos;Unable to locate an element with the tagName &amp;quot;&amp;quot;&amp;apos;);return b.getElementsByTagName(a)[0]||null},j:function(a,b){if(&amp;quot;&amp;quot;===a)throw new P(32,&amp;apos;Unable to locate an element with the tagName &amp;quot;&amp;quot;&amp;apos;);return b.getElementsByTagName(a)}};var td={className:Dc,&amp;quot;class name&amp;quot;:Dc,css:Nc,&amp;quot;css selector&amp;quot;:Nc,relative:Z,id:qd,linkText:Y,&amp;quot;link text&amp;quot;:Y,name:{o:function(a,b){b=mb(eb(b),&amp;quot;*&amp;quot;,null,b);return ua(b,function(c){return Uc(c,&amp;quot;name&amp;quot;)==a})},j:function(a,b){b=mb(eb(b),&amp;quot;*&amp;quot;,null,b);return pa(b,function(c){return Uc(c,&amp;quot;name&amp;quot;)==a})}},partialLinkText:rd,&amp;quot;partial link text&amp;quot;:rd,tagName:vd,&amp;quot;tag name&amp;quot;:vd,xpath:T};function sd(a){for(var b in a)if(a.hasOwnProperty(b))return b;return null}
function ud(a,b){var c=sd(a);if(c){var d=td[c];if(d&amp;amp;&amp;amp;ea(d.j))return d.j(a[c],b||Bc.document)}throw new P(61,&amp;quot;Unsupported locator strategy: &amp;quot;+c);};ca(&amp;quot;_&amp;quot;,ud);; return this._.apply(null,arguments);}).apply({navigator:typeof window!=&amp;apos;undefined&amp;apos;?window.navigator:null,document:typeof window!=&amp;apos;undefined&amp;apos;?window.document:null}, arguments);}
).apply(null, arguments);, args=[{relative={root={tag name=input}, filters=[{args=[{css selector=#pass}], kind=above}]}}]}]
Capabilities {acceptInsecureCerts: false, browserName: chrome, browserVersion: 109.0.5414.75, chrome: {chromedriverVersion: 109.0.5414.74 (e7c5703604da..., userDataDir: C:\Users\naveenre\AppData\L...}, goog:chromeOptions: {debuggerAddress: localhost:62228}, networkConnectionEnabled: false, pageLoadStrategy: normal, platformName: WINDOWS, proxy: Proxy(), se:cdp: ws://localhost:62228/devtoo..., se:cdpVersion: 109.0.5414.75, setWindowRect: true, strictFileInteractability: false, timeouts: {implicit: 0, pageLoad: 300000, script: 30000}, unhandledPromptBehavior: dismiss and notify, webauthn:extension:credBlob: true, webauthn:extension:largeBlob: true, webauthn:virtualAuthenticators: true}
Session ID: 427c2d781cfc3a5ae8c321958082c654">
      <![CDATA[org.openqa.selenium.NoSuchElementException: no such element: No element has been found by {"css selector":"#pass"}
  (Session info: chrome=109.0.5414.75)
For documentation on this error, please visit: https://selenium.dev/exceptions/#no_such_element
Build info: version: '4.7.2', revision: '4d4020c3b7'
System info: os.name: 'Windows 11', os.arch: 'amd64', os.version: '10.0', java.version: '17.0.5'
Driver info: org.openqa.selenium.chrome.ChromeDriver
Command: [427c2d781cfc3a5ae8c321958082c654, executeScript {script=return (function(){return (function(){var aa=this||self;function ba(a){return"string"==typeof a}function ca(a,b){a=a.split(".");var c=aa;a[0]in c||"undefined"==typeof c.execScript||c.execScript("var "+a[0]);for(var d;a.length&&(d=a.shift());)a.length||void 0===b?c[d]&&c[d]!==Object.prototype[d]?c=c[d]:c=c[d]={}:c[d]=b}
function da(a){var b=typeof a;if("object"==b)if(a){if(a instanceof Array)return"array";if(a instanceof Object)return b;var c=Object.prototype.toString.call(a);if("[object Window]"==c)return"object";if("[object Array]"==c||"number"==typeof a.length&&"undefined"!=typeof a.splice&&"undefined"!=typeof a.propertyIsEnumerable&&!a.propertyIsEnumerable("splice"))return"array";if("[object Function]"==c||"undefined"!=typeof a.call&&"undefined"!=typeof a.propertyIsEnumerable&&!a.propertyIsEnumerable("call"))return"function"}else return"null";
else if("function"==b&&"undefined"==typeof a.call)return"object";return b}function ea(a){return"function"==da(a)}function ha(a){var b=typeof a;return"object"==b&&null!=a||"function"==b}function ia(a,b,c){return a.call.apply(a.bind,arguments)}
function ja(a,b,c){if(!a)throw Error();if(2<arguments.length){var d=Array.prototype.slice.call(arguments,2);return function(){var e=Array.prototype.slice.call(arguments);Array.prototype.unshift.apply(e,d);return a.apply(b,e)}}return function(){return a.apply(b,arguments)}}function ka(a,b,c){Function.prototype.bind&&-1!=Function.prototype.bind.toString().indexOf("native code")?ka=ia:ka=ja;return ka.apply(null,arguments)}
function la(a,b){var c=Array.prototype.slice.call(arguments,1);return function(){var d=c.slice();d.push.apply(d,arguments);return a.apply(this,d)}}function k(a,b){function c(){}c.prototype=b.prototype;a.prototype=new c;a.prototype.constructor=a};/*

 The MIT License

 Copyright (c) 2007 Cybozu Labs, Inc.
 Copyright (c) 2012 Google Inc.

 Permission is hereby granted, free of charge, to any person obtaining a copy
 of this software and associated documentation files (the "Software"), to
 deal in the Software without restriction, including without limitation the
 rights to use, copy, modify, merge, publish, distribute, sublicense, and/or
 sell copies of the Software, and to permit persons to whom the Software is
 furnished to do so, subject to the following conditions:

 The above copyright notice and this permission notice shall be included in
 all copies or substantial portions of the Software.

 THE SOFTWARE IS PROVIDED "AS IS", WITHOUT WARRANTY OF ANY KIND, EXPRESS OR
 IMPLIED, INCLUDING BUT NOT LIMITED TO THE WARRANTIES OF MERCHANTABILITY,
 FITNESS FOR A PARTICULAR PURPOSE AND NONINFRINGEMENT. IN NO EVENT SHALL THE
 AUTHORS OR COPYRIGHT HOLDERS BE LIABLE FOR ANY CLAIM, DAMAGES OR OTHER
 LIABILITY, WHETHER IN AN ACTION OF CONTRACT, TORT OR OTHERWISE, ARISING
 FROM, OUT OF OR IN CONNECTION WITH THE SOFTWARE OR THE USE OR OTHER DEALINGS
 IN THE SOFTWARE.
*/
function ma(a,b,c){this.a=a;this.b=b||1;this.f=c||1};var na;var oa=Array.prototype.indexOf?function(a,b){return Array.prototype.indexOf.call(a,b,void 0)}:function(a,b){if("string"===typeof a)return"string"!==typeof b||1!=b.length?-1:a.indexOf(b,0);for(var c=0;c<a.length;c++)if(c in a&&a[c]===b)return c;return-1},l=Array.prototype.forEach?function(a,b,c){Array.prototype.forEach.call(a,b,c)}:function(a,b,c){for(var d=a.length,e="string"===typeof a?a.split(""):a,f=0;f<d;f++)f in e&&b.call(c,e[f],f,a)},pa=Array.prototype.filter?function(a,b){return Array.prototype.filter.call(a,
b,void 0)}:function(a,b){for(var c=a.length,d=[],e=0,f="string"===typeof a?a.split(""):a,g=0;g<c;g++)if(g in f){var h=f[g];b.call(void 0,h,g,a)&&(d[e++]=h)}return d},qa=Array.prototype.map?function(a,b){return Array.prototype.map.call(a,b,void 0)}:function(a,b){for(var c=a.length,d=Array(c),e="string"===typeof a?a.split(""):a,f=0;f<c;f++)f in e&&(d[f]=b.call(void 0,e[f],f,a));return d},ra=Array.prototype.reduce?function(a,b,c){return Array.prototype.reduce.call(a,b,c)}:function(a,b,c){var d=c;l(a,
function(e,f){d=b.call(void 0,d,e,f,a)});return d},sa=Array.prototype.some?function(a,b){return Array.prototype.some.call(a,b,void 0)}:function(a,b){for(var c=a.length,d="string"===typeof a?a.split(""):a,e=0;e<c;e++)if(e in d&&b.call(void 0,d[e],e,a))return!0;return!1},ta=Array.prototype.every?function(a,b,c){return Array.prototype.every.call(a,b,c)}:function(a,b,c){for(var d=a.length,e="string"===typeof a?a.split(""):a,f=0;f<d;f++)if(f in e&&!b.call(c,e[f],f,a))return!1;return!0};
[...]
T.s=function(a,b,c){var d=A(a);if(!d.documentElement)return null;(t||Hc)&&Ac(d?d.parentWindow||d.defaultView:window);try{var e=d.createNSResolver?d.createNSResolver(d.documentElement):T.I;if(t&&!Ua(7))return d.evaluate.call(d,b,a,e,c,null);if(!t||9<=Number(w)){for(var f={},g=d.getElementsByTagName("*"),h=0;h<g.length;++h){var n=g[h],u=n.namespaceURI;if(u&&!f[u]){var p=n.lookupPrefix(u);if(!p){var G=u.match(".*/(\\w+)/?$");p=G?G[1]:"xhtml"}f[u]=p}}var R={},fa;for(fa in f)R[f[fa]]=fa;e=function(m){return R[m]||
null}}try{return d.evaluate(b,a,e,c,null)}catch(m){if("TypeError"===m.name)return e=d.createNSResolver?d.createNSResolver(d.documentElement):T.I,d.evaluate(b,a,e,c,null);throw m;}}catch(m){if(!Na||"NS_ERROR_ILLEGAL_VALUE"!=m.name)throw new P(32,"Unable to locate an element with the xpath expression "+b+" because of the following error:\n"+m);}};T.J=function(a,b){if(!a||1!=a.nodeType)throw new P(32,'The result of the xpath expression "'+b+'" is: '+a+". It should be an element.");};
T.o=function(a,b){var c=function(){var d=T.s(b,a,9);return d?d.singleNodeValue||null:b.selectSingleNode?(d=A(b),d.setProperty&&d.setProperty("SelectionLanguage","XPath"),b.selectSingleNode(a)):null}();null===c||T.J(c,a);return c};
T.j=function(a,b){var c=function(){var d=T.s(b,a,7);if(d){for(var e=d.snapshotLength,f=[],g=0;g<e;++g)f.push(d.snapshotItem(g));return f}return b.selectNodes?(d=A(b),d.setProperty&&d.setProperty("SelectionLanguage","XPath"),b.selectNodes(a)):[]}();l(c,function(d){T.J(d,a)});return c};function Xc(a,b,c,d){this.c=a;this.a=b;this.b=c;this.f=d}Xc.prototype.ceil=function(){this.c=Math.ceil(this.c);this.a=Math.ceil(this.a);this.b=Math.ceil(this.b);this.f=Math.ceil(this.f);return this};Xc.prototype.floor=function(){this.c=Math.floor(this.c);this.a=Math.floor(this.a);this.b=Math.floor(this.b);this.f=Math.floor(this.f);return this};Xc.prototype.round=function(){this.c=Math.round(this.c);this.a=Math.round(this.a);this.b=Math.round(this.b);this.f=Math.round(this.f);return this};function U(a,b,c,d){this.a=a;this.b=b;this.width=c;this.height=d}U.prototype.ceil=function(){this.a=Math.ceil(this.a);this.b=Math.ceil(this.b);this.width=Math.ceil(this.width);this.height=Math.ceil(this.height);return this};U.prototype.floor=function(){this.a=Math.floor(this.a);this.b=Math.floor(this.b);this.width=Math.floor(this.width);this.height=Math.floor(this.height);return this};
U.prototype.round=function(){this.a=Math.round(this.a);this.b=Math.round(this.b);this.width=Math.round(this.width);this.height=Math.round(this.height);return this};var Yc="function"===typeof ShadowRoot;function Zc(a){for(a=a.parentNode;a&&1!=a.nodeType&&9!=a.nodeType&&11!=a.nodeType;)a=a.parentNode;return S(a)?a:null}
function V(a,b){b=Ha(b);if("float"==b||"cssFloat"==b||"styleFloat"==b)b=Mc?"styleFloat":"cssFloat";a:{var c=b;var d=A(a);if(d.defaultView&&d.defaultView.getComputedStyle&&(d=d.defaultView.getComputedStyle(a,null))){c=d[c]||d.getPropertyValue(c)||"";break a}c=""}a=c||$c(a,b);if(null===a)a=null;else if(0<=oa(Pc,b)){b:{var e=a.match(Sc);if(e&&(b=Number(e[1]),c=Number(e[2]),d=Number(e[3]),e=Number(e[4]),0<=b&&255>=b&&0<=c&&255>=c&&0<=d&&255>=d&&0<=e&&1>=e)){b=[b,c,d,e];break b}b=null}if(!b)b:{if(d=a.match(Tc))if(b=
Number(d[1]),c=Number(d[2]),d=Number(d[3]),0<=b&&255>=b&&0<=c&&255>=c&&0<=d&&255>=d){b=[b,c,d,1];break b}b=null}if(!b)b:{b=a.toLowerCase();c=Oc[b.toLowerCase()];if(!c&&(c="#"==b.charAt(0)?b:"#"+b,4==c.length&&(c=c.replace(Qc,"#$1$1$2$2$3$3")),!Rc.test(c))){b=null;break b}b=[parseInt(c.substr(1,2),16),parseInt(c.substr(3,2),16),parseInt(c.substr(5,2),16),1]}a=b?"rgba("+b.join(", ")+")":a}return a}
function $c(a,b){var c=a.currentStyle||a.style,d=c[b];void 0===d&&ea(c.getPropertyValue)&&(d=c.getPropertyValue(b));return"inherit"!=d?void 0!==d?d:null:(a=Zc(a))?$c(a,b):null}
function ad(a,b,c){function d(g){var h=W(g);return 0<h.height&&0<h.width?!0:S(g,"PATH")&&(0<h.height||0<h.width)?(g=V(g,"stroke-width"),!!g&&0<parseInt(g,10)):"hidden"!=V(g,"overflow")&&sa(g.childNodes,function(n){return 3==n.nodeType||S(n)&&d(n)})}function e(g){return bd(g)==X&&ta(g.childNodes,function(h){return!S(h)||e(h)||!d(h)})}if(!S(a))throw Error("Argument to isShown must be of type Element");if(S(a,"BODY"))return!0;if(S(a,"OPTION")||S(a,"OPTGROUP"))return a=lb(a,function(g){return S(g,"SELECT")}),
!!a&&ad(a,!0,c);var f=cd(a);if(f)return!!f.image&&0<f.rect.width&&0<f.rect.height&&ad(f.image,b,c);if(S(a,"INPUT")&&"hidden"==a.type.toLowerCase()||S(a,"NOSCRIPT"))return!1;f=V(a,"visibility");return"collapse"!=f&&"hidden"!=f&&c(a)&&(b||0!=dd(a))&&d(a)?!e(a):!1}
function ed(a){function b(c){if(S(c)&&"none"==V(c,"display"))return!1;var d;if((d=c.parentNode)&&d.shadowRoot&&void 0!==c.assignedSlot)d=c.assignedSlot?c.assignedSlot.parentNode:null;else if(c.getDestinationInsertionPoints){var e=c.getDestinationInsertionPoints();0<e.length&&(d=e[e.length-1])}if(Yc&&d instanceof ShadowRoot){if(d.host.shadowRoot!==d)return!1;d=d.host}return!d||9!=d.nodeType&&11!=d.nodeType?d&&S(d,"DETAILS")&&!d.open&&!S(c,"SUMMARY")?!1:!!d&&b(d):!0}return ad(a,!1,b)}var X="hidden";
function bd(a){function b(m){function v(Ab){if(Ab==g)return!0;var pc=V(Ab,"display");return 0==pc.lastIndexOf("inline",0)||"contents"==pc||"absolute"==qc&&"static"==V(Ab,"position")?!1:!0}var qc=V(m,"position");if("fixed"==qc)return u=!0,m==g?null:g;for(m=Zc(m);m&&!v(m);)m=Zc(m);return m}function c(m){var v=m;if("visible"==n)if(m==g&&h)v=h;else if(m==h)return{x:"visible",y:"visible"};v={x:V(v,"overflow-x"),y:V(v,"overflow-y")};m==g&&(v.x="visible"==v.x?"auto":v.x,v.y="visible"==v.y?"auto":v.y);return v}
function d(m){if(m==g){var v=(new fb(f)).a;m=v.scrollingElement?v.scrollingElement:Oa||"CSS1Compat"!=v.compatMode?v.body||v.documentElement:v.documentElement;v=v.parentWindow||v.defaultView;m=t&&Ua("10")&&v.pageYOffset!=m.scrollTop?new cb(m.scrollLeft,m.scrollTop):new cb(v.pageXOffset||m.scrollLeft,v.pageYOffset||m.scrollTop)}else m=new cb(m.scrollLeft,m.scrollTop);return m}var e=fd(a),f=A(a),g=f.documentElement,h=f.body,n=V(g,"overflow"),u;for(a=b(a);a;a=b(a)){var p=c(a);if("visible"!=p.x||"visible"!=
p.y){var G=W(a);if(0==G.width||0==G.height)return X;var R=e.a<G.a,fa=e.b<G.b;if(R&&"hidden"==p.x||fa&&"hidden"==p.y)return X;if(R&&"visible"!=p.x||fa&&"visible"!=p.y){R=d(a);fa=e.b<G.b-R.y;if(e.a<G.a-R.x&&"visible"!=p.x||fa&&"visible"!=p.x)return X;e=bd(a);return e==X?X:"scroll"}R=e.f>=G.a+G.width;G=e.c>=G.b+G.height;if(R&&"hidden"==p.x||G&&"hidden"==p.y)return X;if(R&&"visible"!=p.x||G&&"visible"!=p.y){if(u&&(p=d(a),e.f>=g.scrollWidth-p.x||e.a>=g.scrollHeight-p.y))return X;e=bd(a);return e==X?X:
"scroll"}}}return"none"}
function W(a){var b=cd(a);if(b)return b.rect;if(S(a,"HTML"))return a=A(a),a=((a?a.parentWindow||a.defaultView:window)||window).document,a="CSS1Compat"==a.compatMode?a.documentElement:a.body,a=new db(a.clientWidth,a.clientHeight),new U(0,0,a.width,a.height);try{var c=a.getBoundingClientRect()}catch(d){return new U(0,0,0,0)}b=new U(c.left,c.top,c.right-c.left,c.bottom-c.top);t&&a.ownerDocument.body&&(a=A(a),b.a-=a.documentElement.clientLeft+a.body.clientLeft,b.b-=a.documentElement.clientTop+a.body.clientTop);
return b}function cd(a){var b=S(a,"MAP");if(!b&&!S(a,"AREA"))return null;var c=b?a:S(a.parentNode,"MAP")?a.parentNode:null,d=null,e=null;c&&c.name&&(d=T.o('/descendant::*[@usemap = "#'+c.name+'"]',A(c)))&&(e=W(d),b||"default"==a.shape.toLowerCase()||(a=gd(a),b=Math.min(Math.max(a.a,0),e.width),c=Math.min(Math.max(a.b,0),e.height),e=new U(b+e.a,c+e.b,Math.min(a.width,e.width-b),Math.min(a.height,e.height-c))));return{image:d,rect:e||new U(0,0,0,0)}}
function gd(a){var b=a.shape.toLowerCase();a=a.coords.split(",");if("rect"==b&&4==a.length){b=a[0];var c=a[1];return new U(b,c,a[2]-b,a[3]-c)}if("circle"==b&&3==a.length)return b=a[2],new U(a[0]-b,a[1]-b,2*b,2*b);if("poly"==b&&2<a.length){b=a[0];c=a[1];for(var d=b,e=c,f=2;f+1<a.length;f+=2)b=Math.min(b,a[f]),d=Math.max(d,a[f]),c=Math.min(c,a[f+1]),e=Math.max(e,a[f+1]);return new U(b,c,d-b,e-c)}return new U(0,0,0,0)}function fd(a){a=W(a);return new Xc(a.b,a.a+a.width,a.b+a.height,a.a)}
function hd(a){return a.replace(/^[^\S\xa0]+|[^\S\xa0]+$/g,"")}function id(a){var b=[];Yc?jd(a,b):kd(a,b);a=qa(b,hd);return hd(a.join("\n")).replace(/\xa0/g," ")}
function ld(a,b,c){if(S(a,"BR"))b.push("");else{var d=S(a,"TD"),e=V(a,"display"),f=!d&&!(0<=oa(md,e)),g=void 0!==a.previousElementSibling?a.previousElementSibling:gb(a.previousSibling);g=g?V(g,"display"):"";var h=V(a,"float")||V(a,"cssFloat")||V(a,"styleFloat");!f||"run-in"==g&&"none"==h||/^[\s\xa0]*$/.test(b[b.length-1]||"")||b.push("");var n=ed(a),u=null,p=null;n&&(u=V(a,"white-space"),p=V(a,"text-transform"));l(a.childNodes,function(G){c(G,b,n,u,p)});a=b[b.length-1]||"";!d&&"table-cell"!=e||!a||
za(a)||(b[b.length-1]+=" ");f&&"run-in"!=e&&!/^[\s\xa0]*$/.test(a)&&b.push("")}}function kd(a,b){ld(a,b,function(c,d,e,f,g){3==c.nodeType&&e?nd(c,d,f,g):S(c)&&kd(c,d)})}var md="inline inline-block inline-table none table-cell table-column table-column-group".split(" ");
function nd(a,b,c,d){a=a.nodeValue.replace(/[\u200b\u200e\u200f]/g,"");a=a.replace(/(\r\n|\r|\n)/g,"\n");if("normal"==c||"nowrap"==c)a=a.replace(/\n/g," ");a="pre"==c||"pre-wrap"==c?a.replace(/[ \f\t\v\u2028\u2029]/g,"\u00a0"):a.replace(/[ \f\t\v\u2028\u2029]+/g," ");"capitalize"==d?a=a.replace(t?/(^|\s|\b)(\S)/g:/(^|[^\d\p{L}\p{S}])([\p{Ll}|\p{S}])/gu,function(e,f,g){return f+g.toUpperCase()}):"uppercase"==d?a=a.toUpperCase():"lowercase"==d&&(a=a.toLowerCase());c=b.pop()||"";za(c)&&0==a.lastIndexOf(" ",
0)&&(a=a.substr(1));b.push(c+a)}function dd(a){if(Mc){if("relative"==V(a,"position"))return 1;a=V(a,"filter");return(a=a.match(/^alpha\(opacity=(\d*)\)/)||a.match(/^progid:DXImageTransform.Microsoft.Alpha\(Opacity=(\d*)\)/))?Number(a[1])/100:1}return od(a)}function od(a){var b=1,c=V(a,"opacity");c&&(b=Number(c));(a=Zc(a))&&(b*=od(a));return b}
function pd(a,b,c,d,e){if(3==a.nodeType&&c)nd(a,b,d,e);else if(S(a))if(S(a,"CONTENT")||S(a,"SLOT")){for(var f=a;f.parentNode;)f=f.parentNode;f instanceof ShadowRoot?(a=S(a,"CONTENT")?a.getDistributedNodes():a.assignedNodes(),l(a,function(g){pd(g,b,c,d,e)})):jd(a,b)}else if(S(a,"SHADOW")){for(f=a;f.parentNode;)f=f.parentNode;if(f instanceof ShadowRoot&&(a=f))for(a=a.olderShadowRoot;a;)l(a.childNodes,function(g){pd(g,b,c,d,e)}),a=a.olderShadowRoot}else jd(a,b)}
function jd(a,b){a.shadowRoot&&l(a.shadowRoot.childNodes,function(c){pd(c,b,!0,null,null)});ld(a,b,function(c,d,e,f,g){var h=null;1==c.nodeType?h=c:3==c.nodeType&&(h=c);null!=h&&(null!=h.assignedSlot||h.getDestinationInsertionPoints&&0<h.getDestinationInsertionPoints().length)||pd(c,d,e,f,g)})};var qd={C:function(a,b){return!(!a.querySelectorAll||!a.querySelector)&&!/^\d.*/.test(b)},o:function(a,b){var c=eb(b),d="string"===typeof a?c.a.getElementById(a):a;return d?Uc(d,"id")==a&&b!=d&&hb(b,d)?d:ua(mb(c,"*"),function(e){return Uc(e,"id")==a&&b!=e&&hb(b,e)}):null},j:function(a,b){if(!a)return[];if(qd.C(b,a))try{return b.querySelectorAll("#"+qd.T(a))}catch(c){return[]}b=mb(eb(b),"*",null,b);return pa(b,function(c){return Uc(c,"id")==a})},T:function(a){return a.replace(/([\s'"\\#.:;,!?+<>=~*^$|%&@`{}\-\/\[\]\(\)])/g,
"\\$1")}};var Y={},rd={};Y.N=function(a,b,c){try{var d=Nc.j("a",b)}catch(e){d=mb(eb(b),"A",null,b)}return ua(d,function(e){e=id(e);e=e.replace(/^[\s]+|[\s]+$/g,"");return c&&-1!=e.indexOf(a)||e==a})};Y.K=function(a,b,c){try{var d=Nc.j("a",b)}catch(e){d=mb(eb(b),"A",null,b)}return pa(d,function(e){e=id(e);e=e.replace(/^[\s]+|[\s]+$/g,"");return c&&-1!=e.indexOf(a)||e==a})};Y.o=function(a,b){return Y.N(a,b,!1)};Y.j=function(a,b){return Y.K(a,b,!1)};rd.o=function(a,b){return Y.N(a,b,!0)};
rd.j=function(a,b){return Y.K(a,b,!0)};var Z={F:function(a,b){return function(c){var d=Z.u(a);d=W(d);c=W(c);return b.call(null,d,c)}},R:function(a){return Z.F(a,function(b,c){return c.b+c.height<b.b})},S:function(a){return Z.F(a,function(b,c){return b.b+b.height<c.b})},V:function(a){return Z.F(a,function(b,c){return c.a+c.width<b.a})},aa:function(a){return Z.F(a,function(b,c){return b.a+b.width<c.a})},W:function(a,b){var c;b?c=b:"number"==typeof a.distance&&(c=a.distance);c||(c=100);return function(d){var e=Z.u(a);if(e===d)return!1;e=
W(e);d=W(d);var f=Math.abs(e.a+e.width-d.a),g=Math.abs(e.b+e.height-d.b);g=Math.abs(e.b-(d.b+d.height))<=c||g<=c;return(Math.abs(e.a-(d.a+d.width))<=c||f<=c)&&g?!0:Math.sqrt(Math.pow(Math.abs(e.a+e.width/2-(d.a+d.width/2)),2)+Math.pow(Math.abs(e.b+e.height/2-(d.b+d.height/2)),2))<=c}},u:function(a){if(ha(a)&&1==a.nodeType)return a;if(ea(a))return Z.u(a.call(null));if(ha(a)){var b;a:{if(b=sd(a)){var c=td[b];if(c&&ea(c.o)){b=c.o(a[b],Bc.document);break a}}throw new P(61,"Unsupported locator strategy: "+
b);}if(!b)throw new P(7,"No element has been found by "+JSON.stringify(a));return b}throw new P(61,"Selector is of wrong type: "+JSON.stringify(a));}};Z.P={left:Z.V,right:Z.aa,above:Z.R,below:Z.S,near:Z.W};Z.O={left:Z.u,right:Z.u,above:Z.u,below:Z.u,near:Z.u};
Z.U=function(a,b){var c=[];l(a,function(e){e&&ta(b,function(f){var g=f.kind,h=Z.P[g];if(!h)throw new P(61,"Cannot find filter suitable for "+g);return h.apply(null,f.args)(e)},null)&&c.push(e)},null);a=b[b.length-1];var d=Z.O[a?a.kind:"unknown"];return d?(a=d.apply(null,a.args))?Z.ba(a,c):c:c};
Z.ba=function(a,b){function c(f){f=W(f);return Math.sqrt(Math.pow(d-(f.a+Math.max(1,f.width)/2),2)+Math.pow(e-(f.b+Math.max(1,f.height)/2),2))}a=W(a);var d=a.a+Math.max(1,a.width)/2,e=a.b+Math.max(1,a.height)/2;xa(b,function(f,g){return c(f)-c(g)});return b};Z.o=function(a,b){a=Z.j(a,b);return 0==a.length?null:a[0]};
Z.j=function(a,b){if(!a.hasOwnProperty("root")||!a.hasOwnProperty("filters"))throw new P(61,"Locator not suitable for relative locators: "+JSON.stringify(a));var c=a.filters,d=da(c);if("array"!=d&&("object"!=d||"number"!=typeof c.length))throw new P(61,"Targets should be an array: "+JSON.stringify(a));var e;S(a.root)?e=[a.root]:e=ud(a.root,b);return 0==e.length?[]:Z.U(e,a.filters)};var vd={o:function(a,b){if(""===a)throw new P(32,'Unable to locate an element with the tagName ""');return b.getElementsByTagName(a)[0]||null},j:function(a,b){if(""===a)throw new P(32,'Unable to locate an element with the tagName ""');return b.getElementsByTagName(a)}};var td={className:Dc,"class name":Dc,css:Nc,"css selector":Nc,relative:Z,id:qd,linkText:Y,"link text":Y,name:{o:function(a,b){b=mb(eb(b),"*",null,b);return ua(b,function(c){return Uc(c,"name")==a})},j:function(a,b){b=mb(eb(b),"*",null,b);return pa(b,function(c){return Uc(c,"name")==a})}},partialLinkText:rd,"partial link text":rd,tagName:vd,"tag name":vd,xpath:T};function sd(a){for(var b in a)if(a.hasOwnProperty(b))return b;return null}
function ud(a,b){var c=sd(a);if(c){var d=td[c];if(d&&ea(d.j))return d.j(a[c],b||Bc.document)}throw new P(61,"Unsupported locator strategy: "+c);};ca("_",ud);; return this._.apply(null,arguments);}).apply({navigator:typeof window!='undefined'?window.navigator:null,document:typeof window!='undefined'?window.document:null}, arguments);}
).apply(null, arguments);, args=[{relative={root={tag name=input}, filters=[{args=[{css selector=#pass}], kind=above}]}}]}]
Capabilities {acceptInsecureCerts: false, browserName: chrome, browserVersion: 109.0.5414.75, chrome: {chromedriverVersion: 109.0.5414.74 (e7c5703604da..., userDataDir: C:\Users\naveenre\AppData\L...}, goog:chromeOptions: {debuggerAddress: localhost:62228}, networkConnectionEnabled: false, pageLoadStrategy: normal, platformName: WINDOWS, proxy: Proxy(), se:cdp: ws://localhost:62228/devtoo..., se:cdpVersion: 109.0.5414.75, setWindowRect: true, strictFileInteractability: false, timeouts: {implicit: 0, pageLoad: 300000, script: 30000}, unhandledPromptBehavior: dismiss and notify, webauthn:extension:credBlob: true, webauthn:extension:largeBlob: true, webauthn:virtualAuthenticators: true}
Session ID: 427c2d781cfc3a5ae8c321958082c654
at java.base/jdk.internal.reflect.NativeConstructorAccessorImpl.newInstance0(Native Method)
at java.base/jdk.internal.reflect.NativeConstructorAccessorImpl.newInstance(NativeConstructorAccessorImpl.java:77)
at java.base/jdk.internal.reflect.DelegatingConstructorAccessorImpl.newInstance(DelegatingConstructorAccessorImpl.java:45)
at java.base/java.lang.reflect.Constructor.newInstanceWithCaller(Constructor.java:499)
at java.base/java.lang.reflect.Constructor.newInstance(Constructor.java:480)
at org.openqa.selenium.remote.codec.w3c.W3CHttpResponseCodec.createException(W3CHttpResponseCodec.java:200)
at org.openqa.selenium.remote.codec.w3c.W3CHttpResponseCodec.decode(W3CHttpResponseCodec.java:133)
at org.openqa.selenium.remote.codec.w3c.W3CHttpResponseCodec.decode(W3CHttpResponseCodec.java:53)
at org.openqa.selenium.remote.HttpCommandExecutor.execute(HttpCommandExecutor.java:184)
at org.openqa.selenium.remote.service.DriverCommandExecutor.invokeExecute(DriverCommandExecutor.java:167)
at org.openqa.selenium.remote.service.DriverCommandExecutor.execute(DriverCommandExecutor.java:142)
at org.openqa.selenium.remote.RemoteWebDriver.execute(RemoteWebDriver.java:535)
at org.openqa.selenium.remote.RemoteWebDriver.executeScript(RemoteWebDriver.java:472)
at org.openqa.selenium.support.locators.RelativeLocator$RelativeBy.findElements(RelativeLocator.java:191)
at org.openqa.selenium.By.findElement(By.java:122)
at org.openqa.selenium.remote.ElementLocation$ElementFinder$1.findElement(ElementLocation.java:136)
at org.openqa.selenium.remote.ElementLocation.findElement(ElementLocation.java:80)
at org.openqa.selenium.remote.RemoteWebDriver.findElement(RemoteWebDriver.java:351)
at org.openqa.selenium.remote.RemoteWebDriver.findElement(RemoteWebDriver.java:343)
at com.testinmyown.WebElements.RelativeLocators(WebElements.java:27)
at java.base/jdk.internal.reflect.NativeMethodAccessorImpl.invoke0(Native Method)
at java.base/jdk.internal.reflect.NativeMethodAccessorImpl.invoke(NativeMethodAccessorImpl.java:77)
at java.base/jdk.internal.reflect.DelegatingMethodAccessorImpl.invoke(DelegatingMethodAccessorImpl.java:43)
at java.base/java.lang.reflect.Method.invoke(Method.java:568)
at org.testng.internal.invokers.MethodInvocationHelper.invokeMethod(MethodInvocationHelper.java:139)
at org.testng.internal.invokers.TestInvoker.invokeMethod(TestInvoker.java:677)
at org.testng.internal.invokers.TestInvoker.invokeTestMethod(TestInvoker.java:221)
at org.testng.internal.invokers.MethodRunner.runInSequence(MethodRunner.java:50)
at org.testng.internal.invokers.TestInvoker$MethodInvocationAgent.invoke(TestInvoker.java:969)
at org.testng.internal.invokers.TestInvoker.invokeTestMethods(TestInvoker.java:194)
at org.testng.internal.invokers.TestMethodWorker.invokeTestMethods(TestMethodWorker.java:148)
at org.testng.internal.invokers.TestMethodWorker.run(TestMethodWorker.java:128)
at java.base/java.util.ArrayList.forEach(ArrayList.java:1511)
at org.testng.TestRunner.privateRun(TestRunner.java:829)
at org.testng.TestRunner.run(TestRunner.java:602)
at org.testng.SuiteRunner.runTest(SuiteRunner.java:437)
at org.testng.SuiteRunner.runSequentially(SuiteRunner.java:431)
at org.testng.SuiteRunner.privateRun(SuiteRunner.java:391)
at org.testng.SuiteRunner.run(SuiteRunner.java:330)
at org.testng.SuiteRunnerWorker.runSuite(SuiteRunnerWorker.java:52)
at org.testng.SuiteRunnerWorker.run(SuiteRunnerWorker.java:95)
at org.testng.TestNG.runSuitesSequentially(TestNG.java:1256)
at org.testng.TestNG.runSuitesLocally(TestNG.java:1176)
at org.testng.TestNG.runSuites(TestNG.java:1099)
at org.testng.TestNG.run(TestNG.java:1067)
at org.testng.remote.AbstractRemoteTestNG.run(AbstractRemoteTestNG.java:115)
at org.testng.remote.RemoteTestNG.initAndRun(RemoteTestNG.java:251)
at org.testng.remote.RemoteTestNG.main(RemoteTestNG.java:77)
]]>
    </failure>
  </testcase> <!-- RelativeLocators -->
</testsuite> <!-- Default test -->
